\BOOKMARK [0][-]{chapter.1}{\376\377\0001\000\040\000M\000o\000d\000u\000l\000e\000\040\000I\000n\000d\000e\000x}{}% 1
\BOOKMARK [1][-]{section.1.1}{\376\377\0001\000.\0001\000\040\000M\000o\000d\000u\000l\000e\000s}{chapter.1}% 2
\BOOKMARK [0][-]{chapter.2}{\376\377\0002\000\040\000M\000o\000d\000u\000l\000e\000s\000\040\000I\000n\000d\000e\000x}{}% 3
\BOOKMARK [1][-]{section.2.1}{\376\377\0002\000.\0001\000\040\000M\000o\000d\000u\000l\000e\000s\000\040\000L\000i\000s\000t}{chapter.2}% 4
\BOOKMARK [0][-]{chapter.3}{\376\377\0003\000\040\000F\000i\000l\000e\000\040\000I\000n\000d\000e\000x}{}% 5
\BOOKMARK [1][-]{section.3.1}{\376\377\0003\000.\0001\000\040\000F\000i\000l\000e\000\040\000L\000i\000s\000t}{chapter.3}% 6
\BOOKMARK [0][-]{chapter.4}{\376\377\0004\000\040\000M\000o\000d\000u\000l\000e\000\040\000D\000o\000c\000u\000m\000e\000n\000t\000a\000t\000i\000o\000n}{}% 7
\BOOKMARK [1][-]{section.4.1}{\376\377\0004\000.\0001\000\040\000G\000l\000o\000b\000a\000l\000\040\000p\000a\000r\000a\000m\000e\000t\000e\000r\000s}{chapter.4}% 8
\BOOKMARK [2][-]{subsection.4.1.1}{\376\377\0004\000.\0001\000.\0001\000\040\000D\000e\000t\000a\000i\000l\000e\000d\000\040\000D\000e\000s\000c\000r\000i\000p\000t\000i\000o\000n}{section.4.1}% 9
\BOOKMARK [2][-]{subsection.4.1.2}{\376\377\0004\000.\0001\000.\0002\000\040\000V\000a\000r\000i\000a\000b\000l\000e\000\040\000D\000o\000c\000u\000m\000e\000n\000t\000a\000t\000i\000o\000n}{section.4.1}% 10
\BOOKMARK [3][-]{subsubsection.4.1.2.1}{\376\377\0004\000.\0001\000.\0002\000.\0001\000\040\000e\0002}{subsection.4.1.2}% 11
\BOOKMARK [3][-]{subsubsection.4.1.2.2}{\376\377\0004\000.\0001\000.\0002\000.\0002\000\040\000h\000b\000a\000r\0002\000\137\0002\000m}{subsection.4.1.2}% 12
\BOOKMARK [3][-]{subsubsection.4.1.2.3}{\376\377\0004\000.\0001\000.\0002\000.\0003\000\040\000h\000b\000a\000r\000c}{subsection.4.1.2}% 13
\BOOKMARK [3][-]{subsubsection.4.1.2.4}{\376\377\0004\000.\0001\000.\0002\000.\0004\000\040\000m\000e\000c\0002}{subsection.4.1.2}% 14
\BOOKMARK [3][-]{subsubsection.4.1.2.5}{\376\377\0004\000.\0001\000.\0002\000.\0005\000\040\000m\000n\000c\0002}{subsection.4.1.2}% 15
\BOOKMARK [3][-]{subsubsection.4.1.2.6}{\376\377\0004\000.\0001\000.\0002\000.\0006\000\040\000m\000p\000c\0002}{subsection.4.1.2}% 16
\BOOKMARK [3][-]{subsubsection.4.1.2.7}{\376\377\0004\000.\0001\000.\0002\000.\0007\000\040\000p\000i}{subsection.4.1.2}% 17
\BOOKMARK [3][-]{subsubsection.4.1.2.8}{\376\377\0004\000.\0001\000.\0002\000.\0008\000\040\000r\000h\000o\0000}{subsection.4.1.2}% 18
\BOOKMARK [1][-]{section.4.2}{\376\377\0004\000.\0002\000\040\000E\000x\000t\000r\000a\000\040\000c\000o\000n\000s\000t\000a\000n\000t\000s\000\040\000f\000o\000r\000\040\000c\000a\000l\000c\000u\000l\000a\000t\000i\000n\000g\000f\000\044\000f\000r\000a\000c\000\173\000h\000b\000a\000r\0002\000\175\000\173\0002\000m\000\175\000f\000\044\000\040\000f\000o\000r\000\040\000B\000S\000k\000\040\000f\000o\000r\000c\000e\000s}{chapter.4}% 19
\BOOKMARK [2][-]{subsection.4.2.1}{\376\377\0004\000.\0002\000.\0001\000\040\000D\000e\000t\000a\000i\000l\000e\000d\000\040\000D\000e\000s\000c\000r\000i\000p\000t\000i\000o\000n}{section.4.2}% 20
\BOOKMARK [2][-]{subsection.4.2.2}{\376\377\0004\000.\0002\000.\0002\000\040\000V\000a\000r\000i\000a\000b\000l\000e\000\040\000D\000o\000c\000u\000m\000e\000n\000t\000a\000t\000i\000o\000n}{section.4.2}% 21
\BOOKMARK [3][-]{subsubsection.4.2.2.1}{\376\377\0004\000.\0002\000.\0002\000.\0001\000\040\000m\000a\000m\000u\000c\0002}{subsection.4.2.2}% 22
\BOOKMARK [3][-]{subsubsection.4.2.2.2}{\376\377\0004\000.\0002\000.\0002\000.\0002\000\040\000r\000y\000d\000b}{subsection.4.2.2}% 23
\BOOKMARK [3][-]{subsubsection.4.2.2.3}{\376\377\0004\000.\0002\000.\0002\000.\0003\000\040\000x\000m\000h}{subsection.4.2.2}% 24
\BOOKMARK [3][-]{subsubsection.4.2.2.4}{\376\377\0004\000.\0002\000.\0002\000.\0004\000\040\000x\000m\000n}{subsection.4.2.2}% 25
\BOOKMARK [3][-]{subsubsection.4.2.2.5}{\376\377\0004\000.\0002\000.\0002\000.\0005\000\040\000x\000m\000p}{subsection.4.2.2}% 26
\BOOKMARK [1][-]{section.4.3}{\376\377\0004\000.\0003\000\040\000N\000u\000m\000e\000r\000i\000c\000a\000l\000\040\000f\000r\000a\000c\000t\000i\000o\000n\000s}{chapter.4}% 27
\BOOKMARK [2][-]{subsection.4.3.1}{\376\377\0004\000.\0003\000.\0001\000\040\000D\000e\000t\000a\000i\000l\000e\000d\000\040\000D\000e\000s\000c\000r\000i\000p\000t\000i\000o\000n}{section.4.3}% 28
\BOOKMARK [2][-]{subsection.4.3.2}{\376\377\0004\000.\0003\000.\0002\000\040\000V\000a\000r\000i\000a\000b\000l\000e\000\040\000D\000o\000c\000u\000m\000e\000n\000t\000a\000t\000i\000o\000n}{section.4.3}% 29
\BOOKMARK [3][-]{subsubsection.4.3.2.1}{\376\377\0004\000.\0003\000.\0002\000.\0001\000\040\000f\000r\0001\0002}{subsection.4.3.2}% 30
\BOOKMARK [3][-]{subsubsection.4.3.2.2}{\376\377\0004\000.\0003\000.\0002\000.\0002\000\040\000f\000r\0001\0003}{subsection.4.3.2}% 31
\BOOKMARK [3][-]{subsubsection.4.3.2.3}{\376\377\0004\000.\0003\000.\0002\000.\0003\000\040\000f\000r\0001\0004}{subsection.4.3.2}% 32
\BOOKMARK [3][-]{subsubsection.4.3.2.4}{\376\377\0004\000.\0003\000.\0002\000.\0004\000\040\000f\000r\0001\0006}{subsection.4.3.2}% 33
\BOOKMARK [3][-]{subsubsection.4.3.2.5}{\376\377\0004\000.\0003\000.\0002\000.\0005\000\040\000f\000r\0001\0008}{subsection.4.3.2}% 34
\BOOKMARK [3][-]{subsubsection.4.3.2.6}{\376\377\0004\000.\0003\000.\0002\000.\0006\000\040\000f\000r\0001\000\137\0001\0002}{subsection.4.3.2}% 35
\BOOKMARK [3][-]{subsubsection.4.3.2.7}{\376\377\0004\000.\0003\000.\0002\000.\0007\000\040\000f\000r\0001\000\137\0001\0006}{subsection.4.3.2}% 36
\BOOKMARK [3][-]{subsubsection.4.3.2.8}{\376\377\0004\000.\0003\000.\0002\000.\0008\000\040\000f\000r\0001\000\137\0002\0004}{subsection.4.3.2}% 37
\BOOKMARK [3][-]{subsubsection.4.3.2.9}{\376\377\0004\000.\0003\000.\0002\000.\0009\000\040\000f\000r\0001\000\137\0003\0002}{subsection.4.3.2}% 38
\BOOKMARK [3][-]{subsubsection.4.3.2.10}{\376\377\0004\000.\0003\000.\0002\000.\0001\0000\000\040\000f\000r\0001\000\137\0003\0006}{subsection.4.3.2}% 39
\BOOKMARK [3][-]{subsubsection.4.3.2.11}{\376\377\0004\000.\0003\000.\0002\000.\0001\0001\000\040\000f\000r\0002\0003}{subsection.4.3.2}% 40
\BOOKMARK [3][-]{subsubsection.4.3.2.12}{\376\377\0004\000.\0003\000.\0002\000.\0001\0002\000\040\000f\000r\0002\0006\0000\000\137\0003}{subsection.4.3.2}% 41
\BOOKMARK [3][-]{subsubsection.4.3.2.13}{\376\377\0004\000.\0003\000.\0002\000.\0001\0003\000\040\000f\000r\0002\0009}{subsection.4.3.2}% 42
\BOOKMARK [3][-]{subsubsection.4.3.2.14}{\376\377\0004\000.\0003\000.\0002\000.\0001\0004\000\040\000f\000r\0003\0002}{subsection.4.3.2}% 43
\BOOKMARK [3][-]{subsubsection.4.3.2.15}{\376\377\0004\000.\0003\000.\0002\000.\0001\0005\000\040\000f\000r\0003\0004}{subsection.4.3.2}% 44
\BOOKMARK [3][-]{subsubsection.4.3.2.16}{\376\377\0004\000.\0003\000.\0002\000.\0001\0006\000\040\000f\000r\0003\0005}{subsection.4.3.2}% 45
\BOOKMARK [3][-]{subsubsection.4.3.2.17}{\376\377\0004\000.\0003\000.\0002\000.\0001\0007\000\040\000f\000r\0003\0008}{subsection.4.3.2}% 46
\BOOKMARK [3][-]{subsubsection.4.3.2.18}{\376\377\0004\000.\0003\000.\0002\000.\0001\0008\000\040\000f\000r\0003\000\137\0001\0000}{subsection.4.3.2}% 47
\BOOKMARK [3][-]{subsubsection.4.3.2.19}{\376\377\0004\000.\0003\000.\0002\000.\0001\0009\000\040\000f\000r\0004\0003}{subsection.4.3.2}% 48
\BOOKMARK [3][-]{subsubsection.4.3.2.20}{\376\377\0004\000.\0003\000.\0002\000.\0002\0000\000\040\000f\000r\0005\0003}{subsection.4.3.2}% 49
\BOOKMARK [3][-]{subsubsection.4.3.2.21}{\376\377\0004\000.\0003\000.\0002\000.\0002\0001\000\040\000f\000r\0005\0004}{subsection.4.3.2}% 50
\BOOKMARK [3][-]{subsubsection.4.3.2.22}{\376\377\0004\000.\0003\000.\0002\000.\0002\0002\000\040\000f\000r\0008\0003}{subsection.4.3.2}% 51
\BOOKMARK [1][-]{section.4.4}{\376\377\0004\000.\0004\000\040\000S\000k\000y\000r\000m\000e\000\040\000p\000a\000r\000a\000m\000e\000t\000e\000r\000s}{chapter.4}% 52
\BOOKMARK [2][-]{subsection.4.4.1}{\376\377\0004\000.\0004\000.\0001\000\040\000D\000e\000t\000a\000i\000l\000e\000d\000\040\000D\000e\000s\000c\000r\000i\000p\000t\000i\000o\000n}{section.4.4}% 53
\BOOKMARK [2][-]{subsection.4.4.2}{\376\377\0004\000.\0004\000.\0002\000\040\000V\000a\000r\000i\000a\000b\000l\000e\000\040\000D\000o\000c\000u\000m\000e\000n\000t\000a\000t\000i\000o\000n}{section.4.4}% 54
\BOOKMARK [3][-]{subsubsection.4.4.2.1}{\376\377\0004\000.\0004\000.\0002\000.\0001\000\040\000h\000b\000a\000r\0002\000\137\0002\000m\000\137\000q}{subsection.4.4.2}% 55
\BOOKMARK [3][-]{subsubsection.4.4.2.2}{\376\377\0004\000.\0004\000.\0002\000.\0002\000\040\000j\0002\000\137\000t\000e\000r\000m\000s}{subsection.4.4.2}% 56
\BOOKMARK [3][-]{subsubsection.4.4.2.3}{\376\377\0004\000.\0004\000.\0002\000.\0003\000\040\000s\000i\000g\000m\000a}{subsection.4.4.2}% 57
\BOOKMARK [3][-]{subsubsection.4.4.2.4}{\376\377\0004\000.\0004\000.\0002\000.\0004\000\040\000t\0000}{subsection.4.4.2}% 58
\BOOKMARK [3][-]{subsubsection.4.4.2.5}{\376\377\0004\000.\0004\000.\0002\000.\0005\000\040\000t\0001}{subsection.4.4.2}% 59
\BOOKMARK [3][-]{subsubsection.4.4.2.6}{\376\377\0004\000.\0004\000.\0002\000.\0006\000\040\000t\0002}{subsection.4.4.2}% 60
\BOOKMARK [3][-]{subsubsection.4.4.2.7}{\376\377\0004\000.\0004\000.\0002\000.\0007\000\040\000t\0003}{subsection.4.4.2}% 61
\BOOKMARK [3][-]{subsubsection.4.4.2.8}{\376\377\0004\000.\0004\000.\0002\000.\0008\000\040\000w\0000}{subsection.4.4.2}% 62
\BOOKMARK [3][-]{subsubsection.4.4.2.9}{\376\377\0004\000.\0004\000.\0002\000.\0009\000\040\000x\0000}{subsection.4.4.2}% 63
\BOOKMARK [3][-]{subsubsection.4.4.2.10}{\376\377\0004\000.\0004\000.\0002\000.\0001\0000\000\040\000x\0001}{subsection.4.4.2}% 64
\BOOKMARK [3][-]{subsubsection.4.4.2.11}{\376\377\0004\000.\0004\000.\0002\000.\0001\0001\000\040\000x\0002}{subsection.4.4.2}% 65
\BOOKMARK [3][-]{subsubsection.4.4.2.12}{\376\377\0004\000.\0004\000.\0002\000.\0001\0002\000\040\000x\0003}{subsection.4.4.2}% 66
\BOOKMARK [1][-]{section.4.5}{\376\377\0004\000.\0005\000\040\000S\000k\000y\000r\000m\000e\000\040\000c\000o\000e\000f\000f\000i\000c\000i\000e\000n\000t\000s}{chapter.4}% 67
\BOOKMARK [2][-]{subsection.4.5.1}{\376\377\0004\000.\0005\000.\0001\000\040\000D\000e\000t\000a\000i\000l\000e\000d\000\040\000D\000e\000s\000c\000r\000i\000p\000t\000i\000o\000n}{section.4.5}% 68
\BOOKMARK [2][-]{subsection.4.5.2}{\376\377\0004\000.\0005\000.\0002\000\040\000V\000a\000r\000i\000a\000b\000l\000e\000\040\000D\000o\000c\000u\000m\000e\000n\000t\000a\000t\000i\000o\000n}{section.4.5}% 69
\BOOKMARK [3][-]{subsubsection.4.5.2.1}{\376\377\0004\000.\0005\000.\0002\000.\0001\000\040\000b\0001}{subsection.4.5.2}% 70
\BOOKMARK [3][-]{subsubsection.4.5.2.2}{\376\377\0004\000.\0005\000.\0002\000.\0002\000\040\000b\0001\0000}{subsection.4.5.2}% 71
\BOOKMARK [3][-]{subsubsection.4.5.2.3}{\376\377\0004\000.\0005\000.\0002\000.\0003\000\040\000b\0001\0001}{subsection.4.5.2}% 72
\BOOKMARK [3][-]{subsubsection.4.5.2.4}{\376\377\0004\000.\0005\000.\0002\000.\0004\000\040\000b\0001\0002}{subsection.4.5.2}% 73
\BOOKMARK [3][-]{subsubsection.4.5.2.5}{\376\377\0004\000.\0005\000.\0002\000.\0005\000\040\000b\0001\0003}{subsection.4.5.2}% 74
\BOOKMARK [3][-]{subsubsection.4.5.2.6}{\376\377\0004\000.\0005\000.\0002\000.\0006\000\040\000b\0002}{subsection.4.5.2}% 75
\BOOKMARK [3][-]{subsubsection.4.5.2.7}{\376\377\0004\000.\0005\000.\0002\000.\0007\000\040\000b\0003}{subsection.4.5.2}% 76
\BOOKMARK [3][-]{subsubsection.4.5.2.8}{\376\377\0004\000.\0005\000.\0002\000.\0008\000\040\000b\0004}{subsection.4.5.2}% 77
\BOOKMARK [3][-]{subsubsection.4.5.2.9}{\376\377\0004\000.\0005\000.\0002\000.\0009\000\040\000b\0005}{subsection.4.5.2}% 78
\BOOKMARK [3][-]{subsubsection.4.5.2.10}{\376\377\0004\000.\0005\000.\0002\000.\0001\0000\000\040\000b\0006}{subsection.4.5.2}% 79
\BOOKMARK [3][-]{subsubsection.4.5.2.11}{\376\377\0004\000.\0005\000.\0002\000.\0001\0001\000\040\000b\0007}{subsection.4.5.2}% 80
\BOOKMARK [3][-]{subsubsection.4.5.2.12}{\376\377\0004\000.\0005\000.\0002\000.\0001\0002\000\040\000b\0008}{subsection.4.5.2}% 81
\BOOKMARK [3][-]{subsubsection.4.5.2.13}{\376\377\0004\000.\0005\000.\0002\000.\0001\0003\000\040\000b\0009}{subsection.4.5.2}% 82
\BOOKMARK [1][-]{section.4.6}{\376\377\0004\000.\0006\000\040\000E\000x\000t\000r\000a\000\040\000p\000a\000r\000a\000m\000e\000t\000e\000r\000s\000\040\000f\000o\000r\000\040\000B\000S\000k\000\040\000f\000o\000r\000c\000e\000s}{chapter.4}% 83
\BOOKMARK [2][-]{subsection.4.6.1}{\376\377\0004\000.\0006\000.\0001\000\040\000D\000e\000t\000a\000i\000l\000e\000d\000\040\000D\000e\000s\000c\000r\000i\000p\000t\000i\000o\000n}{section.4.6}% 84
\BOOKMARK [2][-]{subsection.4.6.2}{\376\377\0004\000.\0006\000.\0002\000\040\000V\000a\000r\000i\000a\000b\000l\000e\000\040\000D\000o\000c\000u\000m\000e\000n\000t\000a\000t\000i\000o\000n}{section.4.6}% 85
\BOOKMARK [3][-]{subsubsection.4.6.2.1}{\376\377\0004\000.\0006\000.\0002\000.\0001\000\040\000a\000l\000p\000h\000a}{subsection.4.6.2}% 86
\BOOKMARK [3][-]{subsubsection.4.6.2.2}{\376\377\0004\000.\0006\000.\0002\000.\0002\000\040\000b\000e\000t\000a}{subsection.4.6.2}% 87
\BOOKMARK [3][-]{subsubsection.4.6.2.3}{\376\377\0004\000.\0006\000.\0002\000.\0003\000\040\000e\000p\000s\000i\000l\000o\000n\000\137\000l\000a\000m\000b\000d\000a}{subsection.4.6.2}% 88
\BOOKMARK [3][-]{subsubsection.4.6.2.4}{\376\377\0004\000.\0006\000.\0002\000.\0004\000\040\000f\000n\000\137\000n\000e\000g}{subsection.4.6.2}% 89
\BOOKMARK [3][-]{subsubsection.4.6.2.5}{\376\377\0004\000.\0006\000.\0002\000.\0005\000\040\000f\000n\000\137\000p\000o\000s}{subsection.4.6.2}% 90
\BOOKMARK [3][-]{subsubsection.4.6.2.6}{\376\377\0004\000.\0006\000.\0002\000.\0006\000\040\000f\000p\000\137\000n\000e\000g}{subsection.4.6.2}% 91
\BOOKMARK [3][-]{subsubsection.4.6.2.7}{\376\377\0004\000.\0006\000.\0002\000.\0007\000\040\000f\000p\000\137\000p\000o\000s}{subsection.4.6.2}% 92
\BOOKMARK [3][-]{subsubsection.4.6.2.8}{\376\377\0004\000.\0006\000.\0002\000.\0008\000\040\000g\000a\000m\000m\000a}{subsection.4.6.2}% 93
\BOOKMARK [3][-]{subsubsection.4.6.2.9}{\376\377\0004\000.\0006\000.\0002\000.\0009\000\040\000t\0004}{subsection.4.6.2}% 94
\BOOKMARK [3][-]{subsubsection.4.6.2.10}{\376\377\0004\000.\0006\000.\0002\000.\0001\0000\000\040\000t\0005}{subsection.4.6.2}% 95
\BOOKMARK [3][-]{subsubsection.4.6.2.11}{\376\377\0004\000.\0006\000.\0002\000.\0001\0001\000\040\000x\0004}{subsection.4.6.2}% 96
\BOOKMARK [3][-]{subsubsection.4.6.2.12}{\376\377\0004\000.\0006\000.\0002\000.\0001\0002\000\040\000x\0005}{subsection.4.6.2}% 97
\BOOKMARK [1][-]{section.4.7}{\376\377\0004\000.\0007\000\040\000M\000e\000s\000h\000\040\000v\000a\000r\000i\000a\000b\000l\000e}{chapter.4}% 98
\BOOKMARK [2][-]{subsection.4.7.1}{\376\377\0004\000.\0007\000.\0001\000\040\000D\000e\000t\000a\000i\000l\000e\000d\000\040\000D\000e\000s\000c\000r\000i\000p\000t\000i\000o\000n}{section.4.7}% 99
\BOOKMARK [2][-]{subsection.4.7.2}{\376\377\0004\000.\0007\000.\0002\000\040\000V\000a\000r\000i\000a\000b\000l\000e\000\040\000D\000o\000c\000u\000m\000e\000n\000t\000a\000t\000i\000o\000n}{section.4.7}% 100
\BOOKMARK [3][-]{subsubsection.4.7.2.1}{\376\377\0004\000.\0007\000.\0002\000.\0001\000\040\000r}{subsection.4.7.2}% 101
\BOOKMARK [1][-]{section.4.8}{\376\377\0004\000.\0008\000\040\000G\000l\000o\000b\000a\000l\000\040\000d\000e\000n\000s\000i\000t\000y\000\040\000a\000r\000r\000a\000y\000s}{chapter.4}% 102
\BOOKMARK [2][-]{subsection.4.8.1}{\376\377\0004\000.\0008\000.\0001\000\040\000D\000e\000t\000a\000i\000l\000e\000d\000\040\000D\000e\000s\000c\000r\000i\000p\000t\000i\000o\000n}{section.4.8}% 103
\BOOKMARK [2][-]{subsection.4.8.2}{\376\377\0004\000.\0008\000.\0002\000\040\000V\000a\000r\000i\000a\000b\000l\000e\000\040\000D\000o\000c\000u\000m\000e\000n\000t\000a\000t\000i\000o\000n}{section.4.8}% 104
\BOOKMARK [3][-]{subsubsection.4.8.2.1}{\376\377\0004\000.\0008\000.\0002\000.\0001\000\040\000d\000e\000l\0002\000\137\000r\000h\000o\000\137\000q}{subsection.4.8.2}% 105
\BOOKMARK [3][-]{subsubsection.4.8.2.2}{\376\377\0004\000.\0008\000.\0002\000.\0002\000\040\000d\000e\000l\0002\000\137\000r\000h\000o\000\137\000t}{subsection.4.8.2}% 106
\BOOKMARK [3][-]{subsubsection.4.8.2.3}{\376\377\0004\000.\0008\000.\0002\000.\0003\000\040\000d\000e\000l\000\137\000r\000h\000o\000\137\000q}{subsection.4.8.2}% 107
\BOOKMARK [3][-]{subsubsection.4.8.2.4}{\376\377\0004\000.\0008\000.\0002\000.\0004\000\040\000d\000e\000l\000\137\000r\000h\000o\000\137\000t}{subsection.4.8.2}% 108
\BOOKMARK [3][-]{subsubsection.4.8.2.5}{\376\377\0004\000.\0008\000.\0002\000.\0005\000\040\000r\000h\000o\000\137\000q}{subsection.4.8.2}% 109
\BOOKMARK [3][-]{subsubsection.4.8.2.6}{\376\377\0004\000.\0008\000.\0002\000.\0006\000\040\000r\000h\000o\000\137\000t}{subsection.4.8.2}% 110
\BOOKMARK [1][-]{section.4.9}{\376\377\0004\000.\0009\000\040\000G\000l\000o\000b\000a\000l\000\040\000e\000f\000f\000e\000c\000t\000i\000v\000e\000\040\000m\000a\000s\000s\000\040\000a\000r\000r\000a\000y\000s}{chapter.4}% 111
\BOOKMARK [2][-]{subsection.4.9.1}{\376\377\0004\000.\0009\000.\0001\000\040\000D\000e\000t\000a\000i\000l\000e\000d\000\040\000D\000e\000s\000c\000r\000i\000p\000t\000i\000o\000n}{section.4.9}% 112
\BOOKMARK [2][-]{subsection.4.9.2}{\376\377\0004\000.\0009\000.\0002\000\040\000V\000a\000r\000i\000a\000b\000l\000e\000\040\000D\000o\000c\000u\000m\000e\000n\000t\000a\000t\000i\000o\000n}{section.4.9}% 113
\BOOKMARK [3][-]{subsubsection.4.9.2.1}{\376\377\0004\000.\0009\000.\0002\000.\0001\000\040\000d\000e\000l\0002\000\137\000f\000\137\000q}{subsection.4.9.2}% 114
\BOOKMARK [3][-]{subsubsection.4.9.2.2}{\376\377\0004\000.\0009\000.\0002\000.\0002\000\040\000d\000e\000l\000\137\000f\000\137\000q}{subsection.4.9.2}% 115
\BOOKMARK [3][-]{subsubsection.4.9.2.3}{\376\377\0004\000.\0009\000.\0002\000.\0003\000\040\000f\000\137\000q}{subsection.4.9.2}% 116
\BOOKMARK [1][-]{section.4.10}{\376\377\0004\000.\0001\0000\000\040\000G\000l\000o\000b\000a\000l\000\040\000a\000r\000r\000a\000y\000s\000\040\000f\000o\000r\000\040\000o\000t\000h\000e\000r\000\040\000d\000e\000n\000s\000i\000t\000i\000e\000s\000\040\000a\000n\000d\000\040\000f\000i\000e\000l\000d\000s}{chapter.4}% 117
\BOOKMARK [2][-]{subsection.4.10.1}{\376\377\0004\000.\0001\0000\000.\0001\000\040\000D\000e\000t\000a\000i\000l\000e\000d\000\040\000D\000e\000s\000c\000r\000i\000p\000t\000i\000o\000n}{section.4.10}% 118
\BOOKMARK [2][-]{subsection.4.10.2}{\376\377\0004\000.\0001\0000\000.\0002\000\040\000V\000a\000r\000i\000a\000b\000l\000e\000\040\000D\000o\000c\000u\000m\000e\000n\000t\000a\000t\000i\000o\000n}{section.4.10}% 119
\BOOKMARK [3][-]{subsubsection.4.10.2.1}{\376\377\0004\000.\0001\0000\000.\0002\000.\0001\000\040\000d\000e\000l\000\137\000j\000\137\000q}{subsection.4.10.2}% 120
\BOOKMARK [3][-]{subsubsection.4.10.2.2}{\376\377\0004\000.\0001\0000\000.\0002\000.\0002\000\040\000d\000e\000l\000\137\000j\000\137\000t}{subsection.4.10.2}% 121
\BOOKMARK [3][-]{subsubsection.4.10.2.3}{\376\377\0004\000.\0001\0000\000.\0002\000.\0003\000\040\000d\000i\000v\000\137\000j\000\137\0002\000\137\000q}{subsection.4.10.2}% 122
\BOOKMARK [3][-]{subsubsection.4.10.2.4}{\376\377\0004\000.\0001\0000\000.\0002\000.\0004\000\040\000d\000i\000v\000\137\000j\000\137\000q}{subsection.4.10.2}% 123
\BOOKMARK [3][-]{subsubsection.4.10.2.5}{\376\377\0004\000.\0001\0000\000.\0002\000.\0005\000\040\000d\000i\000v\000\137\000j\000\137\000t}{subsection.4.10.2}% 124
\BOOKMARK [3][-]{subsubsection.4.10.2.6}{\376\377\0004\000.\0001\0000\000.\0002\000.\0006\000\040\000d\000i\000v\000\137\000w\000\137\000q}{subsection.4.10.2}% 125
\BOOKMARK [3][-]{subsubsection.4.10.2.7}{\376\377\0004\000.\0001\0000\000.\0002\000.\0007\000\040\000e\000\137\000d\000e\000n\000s\000i\000t\000y\000\137\000c\000\137\000d\000i}{subsection.4.10.2}% 126
\BOOKMARK [3][-]{subsubsection.4.10.2.8}{\376\377\0004\000.\0001\0000\000.\0002\000.\0008\000\040\000e\000\137\000d\000e\000n\000s\000i\000t\000y\000\137\000c\000\137\000e\000x}{subsection.4.10.2}% 127
\BOOKMARK [3][-]{subsubsection.4.10.2.9}{\376\377\0004\000.\0001\0000\000.\0002\000.\0009\000\040\000e\000\137\000d\000e\000n\000s\000i\000t\000y\000\137\000f\000i\000e\000l\000d}{subsection.4.10.2}% 128
\BOOKMARK [3][-]{subsubsection.4.10.2.10}{\376\377\0004\000.\0001\0000\000.\0002\000.\0001\0000\000\040\000e\000\137\000d\000e\000n\000s\000i\000t\000y\000\137\000s\000k\000y}{subsection.4.10.2}% 129
\BOOKMARK [3][-]{subsubsection.4.10.2.11}{\376\377\0004\000.\0001\0000\000.\0002\000.\0001\0001\000\040\000j\000\137\0002\000\137\000q}{subsection.4.10.2}% 130
\BOOKMARK [3][-]{subsubsection.4.10.2.12}{\376\377\0004\000.\0001\0000\000.\0002\000.\0001\0002\000\040\000j\000\137\000q}{subsection.4.10.2}% 131
\BOOKMARK [3][-]{subsubsection.4.10.2.13}{\376\377\0004\000.\0001\0000\000.\0002\000.\0001\0003\000\040\000j\000\137\000t}{subsection.4.10.2}% 132
\BOOKMARK [3][-]{subsubsection.4.10.2.14}{\376\377\0004\000.\0001\0000\000.\0002\000.\0001\0004\000\040\000r\000h\000o\000\137\000c\000h}{subsection.4.10.2}% 133
\BOOKMARK [3][-]{subsubsection.4.10.2.15}{\376\377\0004\000.\0001\0000\000.\0002\000.\0001\0005\000\040\000t\000a\000u\000\137\0002\000\137\000c\000o\000n\000t\000\137\000q}{subsection.4.10.2}% 134
\BOOKMARK [3][-]{subsubsection.4.10.2.16}{\376\377\0004\000.\0001\0000\000.\0002\000.\0001\0006\000\040\000t\000a\000u\000\137\0002\000\137\000l\000\137\000q}{subsection.4.10.2}% 135
\BOOKMARK [3][-]{subsubsection.4.10.2.17}{\376\377\0004\000.\0001\0000\000.\0002\000.\0001\0007\000\040\000t\000a\000u\000\137\0002\000\137\000n\000l\000\137\000q}{subsection.4.10.2}% 136
\BOOKMARK [3][-]{subsubsection.4.10.2.18}{\376\377\0004\000.\0001\0000\000.\0002\000.\0001\0008\000\040\000t\000a\000u\000\137\000e\000t\000f\000\137\000q}{subsection.4.10.2}% 137
\BOOKMARK [3][-]{subsubsection.4.10.2.19}{\376\377\0004\000.\0001\0000\000.\0002\000.\0001\0009\000\040\000t\000a\000u\000\137\000e\000t\000f\000\137\000t}{subsection.4.10.2}% 138
\BOOKMARK [3][-]{subsubsection.4.10.2.20}{\376\377\0004\000.\0001\0000\000.\0002\000.\0002\0000\000\040\000t\000a\000u\000\137\000t\000f\000\137\000q}{subsection.4.10.2}% 139
\BOOKMARK [3][-]{subsubsection.4.10.2.21}{\376\377\0004\000.\0001\0000\000.\0002\000.\0002\0001\000\040\000u\000\137\000q}{subsection.4.10.2}% 140
\BOOKMARK [3][-]{subsubsection.4.10.2.22}{\376\377\0004\000.\0001\0000\000.\0002\000.\0002\0002\000\040\000v\000\137\000c\000\137\000d\000i}{subsection.4.10.2}% 141
\BOOKMARK [3][-]{subsubsection.4.10.2.23}{\376\377\0004\000.\0001\0000\000.\0002\000.\0002\0003\000\040\000v\000\137\000c\000\137\000e\000x}{subsection.4.10.2}% 142
\BOOKMARK [3][-]{subsubsection.4.10.2.24}{\376\377\0004\000.\0001\0000\000.\0002\000.\0002\0004\000\040\000v\000\137\000c\000\137\000p\000e}{subsection.4.10.2}% 143
\BOOKMARK [3][-]{subsubsection.4.10.2.25}{\376\377\0004\000.\0001\0000\000.\0002\000.\0002\0005\000\040\000w\000\137\000q}{subsection.4.10.2}% 144
\BOOKMARK [1][-]{section.4.11}{\376\377\0004\000.\0001\0001\000\040\000G\000l\000o\000b\000a\000l\000\040\000a\000r\000r\000a\000y\000s\000\040\000f\000o\000r\000\040\000d\000e\000n\000s\000i\000t\000i\000e\000s\000\040\000a\000n\000d\000\040\000f\000i\000e\000l\000d\000s\000\040\000f\000o\000r\000\040\0004\000t\000h\000-\000o\000r\000d\000e\000r\000\040\000t\000e\000r\000m\000s}{chapter.4}% 145
\BOOKMARK [1][-]{section.4.12}{\376\377\0004\000.\0001\0002\000\040\000V\000a\000r\000i\000a\000b\000l\000e\000s\000\040\000f\000o\000r\000\040\000s\000t\000o\000r\000i\000n\000g\000\040\000p\000r\000o\000p\000e\000r\000t\000i\000e\000s\000\040\000o\000f\000\040\000W\000i\000g\000n\000e\000r\000-\000S\000e\000i\000t\000z\000\040\000c\000e\000l\000l}{chapter.4}% 146
\BOOKMARK [2][-]{subsection.4.12.1}{\376\377\0004\000.\0001\0002\000.\0001\000\040\000D\000e\000t\000a\000i\000l\000e\000d\000\040\000D\000e\000s\000c\000r\000i\000p\000t\000i\000o\000n}{section.4.12}% 147
\BOOKMARK [2][-]{subsection.4.12.2}{\376\377\0004\000.\0001\0002\000.\0002\000\040\000V\000a\000r\000i\000a\000b\000l\000e\000\040\000D\000o\000c\000u\000m\000e\000n\000t\000a\000t\000i\000o\000n}{section.4.12}% 148
\BOOKMARK [3][-]{subsubsection.4.12.2.1}{\376\377\0004\000.\0001\0002\000.\0002\000.\0001\000\040\000d\000e\000l\000t\000a\000\137\000m\000u}{subsection.4.12.2}% 149
\BOOKMARK [3][-]{subsubsection.4.12.2.2}{\376\377\0004\000.\0001\0002\000.\0002\000.\0002\000\040\000e\000\137\000c\000o\000u\000l\000o\000m\000b}{subsection.4.12.2}% 150
\BOOKMARK [3][-]{subsubsection.4.12.2.3}{\376\377\0004\000.\0001\0002\000.\0002\000.\0003\000\040\000e\000\137\000c\000o\000u\000l\000o\000m\000b\000\137\000d\000i}{subsection.4.12.2}% 151
\BOOKMARK [3][-]{subsubsection.4.12.2.4}{\376\377\0004\000.\0001\0002\000.\0002\000.\0004\000\040\000e\000\137\000c\000o\000u\000l\000o\000m\000b\000\137\000e\000x}{subsection.4.12.2}% 152
\BOOKMARK [3][-]{subsubsection.4.12.2.5}{\376\377\0004\000.\0001\0002\000.\0002\000.\0005\000\040\000e\000\137\000f\000i\000e\000l\000d}{subsection.4.12.2}% 153
\BOOKMARK [3][-]{subsubsection.4.12.2.6}{\376\377\0004\000.\0001\0002\000.\0002\000.\0006\000\040\000e\000\137\000k\000i\000n\000e\000t\000i\000c\000\137\000q}{subsection.4.12.2}% 154
\BOOKMARK [3][-]{subsubsection.4.12.2.7}{\376\377\0004\000.\0001\0002\000.\0002\000.\0007\000\040\000e\000\137\000k\000i\000n\000e\000t\000i\000c\000\137\000t}{subsection.4.12.2}% 155
\BOOKMARK [3][-]{subsubsection.4.12.2.8}{\376\377\0004\000.\0001\0002\000.\0002\000.\0008\000\040\000e\000\137\000s\000k\000y\000r\000m\000e}{subsection.4.12.2}% 156
\BOOKMARK [3][-]{subsubsection.4.12.2.9}{\376\377\0004\000.\0001\0002\000.\0002\000.\0009\000\040\000e\000\137\000s\000o}{subsection.4.12.2}% 157
\BOOKMARK [3][-]{subsubsection.4.12.2.10}{\376\377\0004\000.\0001\0002\000.\0002\000.\0001\0000\000\040\000e\000\137\000t\000o\000t\000a\000l}{subsection.4.12.2}% 158
\BOOKMARK [3][-]{subsubsection.4.12.2.11}{\376\377\0004\000.\0001\0002\000.\0002\000.\0001\0001\000\040\000m\000u\000\137\000c}{subsection.4.12.2}% 159
\BOOKMARK [3][-]{subsubsection.4.12.2.12}{\376\377\0004\000.\0001\0002\000.\0002\000.\0001\0002\000\040\000m\000u\000\137\000e}{subsection.4.12.2}% 160
\BOOKMARK [3][-]{subsubsection.4.12.2.13}{\376\377\0004\000.\0001\0002\000.\0002\000.\0001\0003\000\040\000m\000u\000\137\000q}{subsection.4.12.2}% 161
\BOOKMARK [3][-]{subsubsection.4.12.2.14}{\376\377\0004\000.\0001\0002\000.\0002\000.\0001\0004\000\040\000n\000\137\000q}{subsection.4.12.2}% 162
\BOOKMARK [3][-]{subsubsection.4.12.2.15}{\376\377\0004\000.\0001\0002\000.\0002\000.\0001\0005\000\040\000n\000\137\000t}{subsection.4.12.2}% 163
\BOOKMARK [3][-]{subsubsection.4.12.2.16}{\376\377\0004\000.\0001\0002\000.\0002\000.\0001\0006\000\040\000p\000r\000e\000s\000s\000u\000r\000e\000\137\000e}{subsection.4.12.2}% 164
\BOOKMARK [3][-]{subsubsection.4.12.2.17}{\376\377\0004\000.\0001\0002\000.\0002\000.\0001\0007\000\040\000p\000r\000e\000s\000s\000u\000r\000e\000\137\000e\000x}{subsection.4.12.2}% 165
\BOOKMARK [3][-]{subsubsection.4.12.2.18}{\376\377\0004\000.\0001\0002\000.\0002\000.\0001\0008\000\040\000p\000r\000e\000s\000s\000u\000r\000e\000\137\000n\000u\000c\000l}{subsection.4.12.2}% 166
\BOOKMARK [3][-]{subsubsection.4.12.2.19}{\376\377\0004\000.\0001\0002\000.\0002\000.\0001\0009\000\040\000p\000r\000e\000s\000s\000u\000r\000e\000\137\000t}{subsection.4.12.2}% 167
\BOOKMARK [1][-]{section.4.13}{\376\377\0004\000.\0001\0003\000\040\000I\000n\000p\000u\000t\000\040\000p\000a\000r\000a\000m\000e\000t\000e\000r\000s}{chapter.4}% 168
\BOOKMARK [2][-]{subsection.4.13.1}{\376\377\0004\000.\0001\0003\000.\0001\000\040\000D\000e\000t\000a\000i\000l\000e\000d\000\040\000D\000e\000s\000c\000r\000i\000p\000t\000i\000o\000n}{section.4.13}% 169
\BOOKMARK [2][-]{subsection.4.13.2}{\376\377\0004\000.\0001\0003\000.\0002\000\040\000V\000a\000r\000i\000a\000b\000l\000e\000\040\000D\000o\000c\000u\000m\000e\000n\000t\000a\000t\000i\000o\000n}{section.4.13}% 170
\BOOKMARK [3][-]{subsubsection.4.13.2.1}{\376\377\0004\000.\0001\0003\000.\0002\000.\0001\000\040\000c\000a\000l\000c\000\137\000c\000h\000e\000m\000\137\000p\000o\000t\000s}{subsection.4.13.2}% 171
\BOOKMARK [3][-]{subsubsection.4.13.2.2}{\376\377\0004\000.\0001\0003\000.\0002\000.\0002\000\040\000c\000o\000u\000l\000o\000m\000b\000\137\000o\000n}{subsection.4.13.2}% 172
\BOOKMARK [3][-]{subsubsection.4.13.2.3}{\376\377\0004\000.\0001\0003\000.\0002\000.\0003\000\040\000d\000r}{subsection.4.13.2}% 173
\BOOKMARK [3][-]{subsubsection.4.13.2.4}{\376\377\0004\000.\0001\0003\000.\0002\000.\0004\000\040\000e\000l\000e\000c\000t\000r\000o\000n\000s\000\137\000o\000n}{subsection.4.13.2}% 174
\BOOKMARK [3][-]{subsubsection.4.13.2.5}{\376\377\0004\000.\0001\0003\000.\0002\000.\0005\000\040\000e\000m\000a\000x\0000\000\137\000m\000o\000d}{subsection.4.13.2}% 175
\BOOKMARK [3][-]{subsubsection.4.13.2.6}{\376\377\0004\000.\0001\0003\000.\0002\000.\0006\000\040\000e\000t\000f\000\137\000o\000r\000d\000e\000r}{subsection.4.13.2}% 176
\BOOKMARK [3][-]{subsubsection.4.13.2.7}{\376\377\0004\000.\0001\0003\000.\0002\000.\0007\000\040\000f\000o\000r\000c\000e}{subsection.4.13.2}% 177
\BOOKMARK [3][-]{subsubsection.4.13.2.8}{\376\377\0004\000.\0001\0003\000.\0002\000.\0008\000\040\000l\000m\000a\000x}{subsection.4.13.2}% 178
\BOOKMARK [3][-]{subsubsection.4.13.2.9}{\376\377\0004\000.\0001\0003\000.\0002\000.\0009\000\040\000n}{subsection.4.13.2}% 179
\BOOKMARK [3][-]{subsubsection.4.13.2.10}{\376\377\0004\000.\0001\0003\000.\0002\000.\0001\0000\000\040\000n\000e\000u\000t\000r\000o\000n\000\137\000p\000a\000i\000r\000i\000n\000g}{subsection.4.13.2}% 180
\BOOKMARK [3][-]{subsubsection.4.13.2.11}{\376\377\0004\000.\0001\0003\000.\0002\000.\0001\0001\000\040\000n\000m\000a\000x\000s\000t\000a\000t\000e}{subsection.4.13.2}% 181
\BOOKMARK [3][-]{subsubsection.4.13.2.12}{\376\377\0004\000.\0001\0003\000.\0002\000.\0001\0002\000\040\000p\000a\000i\000r\000\137\000a\000l\000p\000h\000a}{subsection.4.13.2}% 182
\BOOKMARK [3][-]{subsubsection.4.13.2.13}{\376\377\0004\000.\0001\0003\000.\0002\000.\0001\0003\000\040\000p\000a\000i\000r\000\137\000d\000e\000l\000\137\000i\000n\000i\000t}{subsection.4.13.2}% 183
\BOOKMARK [3][-]{subsubsection.4.13.2.14}{\376\377\0004\000.\0001\0003\000.\0002\000.\0001\0004\000\040\000p\000a\000i\000r\000\137\000d\000k}{subsection.4.13.2}% 184
\BOOKMARK [3][-]{subsubsection.4.13.2.15}{\376\377\0004\000.\0001\0003\000.\0002\000.\0001\0005\000\040\000p\000a\000i\000r\000\137\000e\000t\000a}{subsection.4.13.2}% 185
\BOOKMARK [3][-]{subsubsection.4.13.2.16}{\376\377\0004\000.\0001\0003\000.\0002\000.\0001\0006\000\040\000p\000a\000i\000r\000\137\000k\000\137\000m\000a\000x}{subsection.4.13.2}% 186
\BOOKMARK [3][-]{subsubsection.4.13.2.17}{\376\377\0004\000.\0001\0003\000.\0002\000.\0001\0007\000\040\000p\000a\000i\000r\000\137\000m\000a\000x\000\137\000i\000t\000e\000r\000s}{subsection.4.13.2}% 187
\BOOKMARK [3][-]{subsubsection.4.13.2.18}{\376\377\0004\000.\0001\0003\000.\0002\000.\0001\0008\000\040\000p\000a\000i\000r\000\137\000m\000i\000x}{subsection.4.13.2}% 188
\BOOKMARK [3][-]{subsubsection.4.13.2.19}{\376\377\0004\000.\0001\0003\000.\0002\000.\0001\0009\000\040\000p\000a\000i\000r\000\137\000n\000u\000m\000\137\000t\000o\000l}{subsection.4.13.2}% 189
\BOOKMARK [3][-]{subsubsection.4.13.2.20}{\376\377\0004\000.\0001\0003\000.\0002\000.\0002\0000\000\040\000p\000a\000i\000r\000\137\000q\000p\000\137\000c\000u\000t}{subsection.4.13.2}% 190
\BOOKMARK [3][-]{subsubsection.4.13.2.21}{\376\377\0004\000.\0001\0003\000.\0002\000.\0002\0001\000\040\000p\000a\000i\000r\000\137\000t\000o\000l}{subsection.4.13.2}% 191
\BOOKMARK [3][-]{subsubsection.4.13.2.22}{\376\377\0004\000.\0001\0003\000.\0002\000.\0002\0002\000\040\000p\000a\000i\000r\000\137\000v\0000}{subsection.4.13.2}% 192
\BOOKMARK [3][-]{subsubsection.4.13.2.23}{\376\377\0004\000.\0001\0003\000.\0002\000.\0002\0003\000\040\000p\000r\000o\000f\000i\000l\000e\000\137\000r\000\137\000m\000a\000x}{subsection.4.13.2}% 193
\BOOKMARK [3][-]{subsubsection.4.13.2.24}{\376\377\0004\000.\0001\0003\000.\0002\000.\0002\0004\000\040\000p\000r\000o\000t\000o\000n\000\137\000b\000c\000s}{subsection.4.13.2}% 194
\BOOKMARK [3][-]{subsubsection.4.13.2.25}{\376\377\0004\000.\0001\0003\000.\0002\000.\0002\0005\000\040\000r\000\137\000m\000a\000x}{subsection.4.13.2}% 195
\BOOKMARK [3][-]{subsubsection.4.13.2.26}{\376\377\0004\000.\0001\0003\000.\0002\000.\0002\0006\000\040\000r\000u\000n\000\137\000m\000o\000d\000e}{subsection.4.13.2}% 196
\BOOKMARK [3][-]{subsubsection.4.13.2.27}{\376\377\0004\000.\0001\0003\000.\0002\000.\0002\0007\000\040\000s\000m\000o\000o\000t\000h\000\137\000q\000p\000\137\000c\000u\000t}{subsection.4.13.2}% 197
\BOOKMARK [3][-]{subsubsection.4.13.2.28}{\376\377\0004\000.\0001\0003\000.\0002\000.\0002\0008\000\040\000s\000p\000e\000c\000i\000f\000y\000\137\000n}{subsection.4.13.2}% 198
\BOOKMARK [3][-]{subsubsection.4.13.2.29}{\376\377\0004\000.\0001\0003\000.\0002\000.\0002\0009\000\040\000s\000t\000r\000u\000t\000\137\000r\000\137\000m\000a\000x}{subsection.4.13.2}% 199
\BOOKMARK [3][-]{subsubsection.4.13.2.30}{\376\377\0004\000.\0001\0003\000.\0002\000.\0003\0000\000\040\000s\000t\000r\000u\000t\000i\000n\000s\000k\000y\000\137\000o\000n}{subsection.4.13.2}% 200
\BOOKMARK [3][-]{subsubsection.4.13.2.31}{\376\377\0004\000.\0001\0003\000.\0002\000.\0003\0001\000\040\000v\000e\000r\000b\000o\000s\000e}{subsection.4.13.2}% 201
\BOOKMARK [1][-]{section.4.14}{\376\377\0004\000.\0001\0004\000\040\000E\000x\000t\000e\000r\000n\000a\000l\000\040\000p\000r\000o\000f\000i\000l\000e\000s}{chapter.4}% 202
\BOOKMARK [2][-]{subsection.4.14.1}{\376\377\0004\000.\0001\0004\000.\0001\000\040\000D\000e\000t\000a\000i\000l\000e\000d\000\040\000D\000e\000s\000c\000r\000i\000p\000t\000i\000o\000n}{section.4.14}% 203
\BOOKMARK [2][-]{subsection.4.14.2}{\376\377\0004\000.\0001\0004\000.\0002\000\040\000V\000a\000r\000i\000a\000b\000l\000e\000\040\000D\000o\000c\000u\000m\000e\000n\000t\000a\000t\000i\000o\000n}{section.4.14}% 204
\BOOKMARK [3][-]{subsubsection.4.14.2.1}{\376\377\0004\000.\0001\0004\000.\0002\000.\0001\000\040\000n\000\137\000p\000r\000o\000f\000i\000l\000e}{subsection.4.14.2}% 205
\BOOKMARK [3][-]{subsubsection.4.14.2.2}{\376\377\0004\000.\0001\0004\000.\0002\000.\0002\000\040\000n\000u\000m\000\137\000n}{subsection.4.14.2}% 206
\BOOKMARK [3][-]{subsubsection.4.14.2.3}{\376\377\0004\000.\0001\0004\000.\0002\000.\0003\000\040\000n\000u\000m\000\137\000p}{subsection.4.14.2}% 207
\BOOKMARK [3][-]{subsubsection.4.14.2.4}{\376\377\0004\000.\0001\0004\000.\0002\000.\0004\000\040\000p\000\137\000p\000r\000o\000f\000i\000l\000e}{subsection.4.14.2}% 208
\BOOKMARK [3][-]{subsubsection.4.14.2.5}{\376\377\0004\000.\0001\0004\000.\0002\000.\0005\000\040\000r\000\137\000w\000s}{subsection.4.14.2}% 209
\BOOKMARK [1][-]{section.4.15}{\376\377\0004\000.\0001\0005\000\040\000F\000o\000r\000m\000a\000t\000\040\000s\000t\000a\000t\000e\000m\000e\000n\000t\000s}{chapter.4}% 210
\BOOKMARK [2][-]{subsection.4.15.1}{\376\377\0004\000.\0001\0005\000.\0001\000\040\000D\000e\000t\000a\000i\000l\000e\000d\000\040\000D\000e\000s\000c\000r\000i\000p\000t\000i\000o\000n}{section.4.15}% 211
\BOOKMARK [2][-]{subsection.4.15.2}{\376\377\0004\000.\0001\0005\000.\0002\000\040\000V\000a\000r\000i\000a\000b\000l\000e\000\040\000D\000o\000c\000u\000m\000e\000n\000t\000a\000t\000i\000o\000n}{section.4.15}% 212
\BOOKMARK [3][-]{subsubsection.4.15.2.1}{\376\377\0004\000.\0001\0005\000.\0002\000.\0001\000\040\000i\000n\000f\000o\000\137\000f\000o\000r\000m\000a\000t}{subsection.4.15.2}% 213
\BOOKMARK [3][-]{subsubsection.4.15.2.2}{\376\377\0004\000.\0001\0005\000.\0002\000.\0002\000\040\000n\000\137\000f\000l\000o\000a\000t\000s}{subsection.4.15.2}% 214
\BOOKMARK [1][-]{section.4.16}{\376\377\0004\000.\0001\0006\000\040\000G\000l\000o\000b\000a\000l\000\040\000s\000t\000r\000i\000n\000g\000s\000\040\000f\000o\000r\000\040\000p\000r\000i\000n\000t\000i\000n\000g\000\040\000o\000u\000t\000p\000u\000t}{chapter.4}% 215
\BOOKMARK [2][-]{subsection.4.16.1}{\376\377\0004\000.\0001\0006\000.\0001\000\040\000D\000e\000t\000a\000i\000l\000e\000d\000\040\000D\000e\000s\000c\000r\000i\000p\000t\000i\000o\000n}{section.4.16}% 216
\BOOKMARK [2][-]{subsection.4.16.2}{\376\377\0004\000.\0001\0006\000.\0002\000\040\000V\000a\000r\000i\000a\000b\000l\000e\000\040\000D\000o\000c\000u\000m\000e\000n\000t\000a\000t\000i\000o\000n}{section.4.16}% 217
\BOOKMARK [3][-]{subsubsection.4.16.2.1}{\376\377\0004\000.\0001\0006\000.\0002\000.\0001\000\040\000f\000o\000r\000c\000e\000\137\000s\000t\000r\000i\000n\000g}{subsection.4.16.2}% 218
\BOOKMARK [3][-]{subsubsection.4.16.2.2}{\376\377\0004\000.\0001\0006\000.\0002\000.\0002\000\040\000i\000s\000o\000\137\000s\000t\000r\000i\000n\000g}{subsection.4.16.2}% 219
\BOOKMARK [3][-]{subsubsection.4.16.2.3}{\376\377\0004\000.\0001\0006\000.\0002\000.\0003\000\040\000l\000i\000n\000e\000\137\000b\000r\000e\000a\000k}{subsection.4.16.2}% 220
\BOOKMARK [3][-]{subsubsection.4.16.2.4}{\376\377\0004\000.\0001\0006\000.\0002\000.\0004\000\040\000s\000p\000a\000c\000e\0004}{subsection.4.16.2}% 221
\BOOKMARK [3][-]{subsubsection.4.16.2.5}{\376\377\0004\000.\0001\0006\000.\0002\000.\0005\000\040\000t\000a\000b\000l\000e\000\137\000s\000t\000r\000i\000n\000g}{subsection.4.16.2}% 222
\BOOKMARK [1][-]{section.4.17}{\376\377\0004\000.\0001\0007\000\040\000V\000a\000r\000i\000a\000b\000l\000e\000s\000\040\000f\000o\000r\000\040\000u\000s\000e\000\040\000i\000n\000\040\000s\000t\000r\000u\000t\000i\000n\000s\000k\000y\000\040\000m\000o\000d\000u\000l\000e}{chapter.4}% 223
\BOOKMARK [2][-]{subsection.4.17.1}{\376\377\0004\000.\0001\0007\000.\0001\000\040\000D\000e\000t\000a\000i\000l\000e\000d\000\040\000D\000e\000s\000c\000r\000i\000p\000t\000i\000o\000n}{section.4.17}% 224
\BOOKMARK [2][-]{subsection.4.17.2}{\376\377\0004\000.\0001\0007\000.\0002\000\040\000V\000a\000r\000i\000a\000b\000l\000e\000\040\000D\000o\000c\000u\000m\000e\000n\000t\000a\000t\000i\000o\000n}{section.4.17}% 225
\BOOKMARK [3][-]{subsubsection.4.17.2.1}{\376\377\0004\000.\0001\0007\000.\0002\000.\0001\000\040\000d\0002\000h\000m\000e\000n}{subsection.4.17.2}% 226
\BOOKMARK [3][-]{subsubsection.4.17.2.2}{\376\377\0004\000.\0001\0007\000.\0002\000.\0002\000\040\000d\000h\000m\000e\000n}{subsection.4.17.2}% 227
\BOOKMARK [3][-]{subsubsection.4.17.2.3}{\376\377\0004\000.\0001\0007\000.\0002\000.\0003\000\040\000e\000\137\000s\000c\000\137\000q}{subsection.4.17.2}% 228
\BOOKMARK [3][-]{subsubsection.4.17.2.4}{\376\377\0004\000.\0001\0007\000.\0002\000.\0004\000\040\000e\000\137\000s\000c\000\137\000t}{subsection.4.17.2}% 229
\BOOKMARK [3][-]{subsubsection.4.17.2.5}{\376\377\0004\000.\0001\0007\000.\0002\000.\0005\000\040\000e\000c\000u\000t}{subsection.4.17.2}% 230
\BOOKMARK [3][-]{subsubsection.4.17.2.6}{\376\377\0004\000.\0001\0007\000.\0002\000.\0006\000\040\000e\000p}{subsection.4.17.2}% 231
\BOOKMARK [3][-]{subsubsection.4.17.2.7}{\376\377\0004\000.\0001\0007\000.\0002\000.\0007\000\040\000h\000b\0002\000m}{subsection.4.17.2}% 232
\BOOKMARK [3][-]{subsubsection.4.17.2.8}{\376\377\0004\000.\0001\0007\000.\0002\000.\0008\000\040\000j\000j\000p}{subsection.4.17.2}% 233
\BOOKMARK [3][-]{subsubsection.4.17.2.9}{\376\377\0004\000.\0001\0007\000.\0002\000.\0009\000\040\000l\000p}{subsection.4.17.2}% 234
\BOOKMARK [3][-]{subsubsection.4.17.2.10}{\376\377\0004\000.\0001\0007\000.\0002\000.\0001\0000\000\040\000n\000n\000s\000t}{subsection.4.17.2}% 235
\BOOKMARK [3][-]{subsubsection.4.17.2.11}{\376\377\0004\000.\0001\0007\000.\0002\000.\0001\0001\000\040\000p\000s}{subsection.4.17.2}% 236
\BOOKMARK [3][-]{subsubsection.4.17.2.12}{\376\377\0004\000.\0001\0007\000.\0002\000.\0001\0002\000\040\000s\000t\000r\000u\000t\000\137\000n}{subsection.4.17.2}% 237
\BOOKMARK [3][-]{subsubsection.4.17.2.13}{\376\377\0004\000.\0001\0007\000.\0002\000.\0001\0003\000\040\000v\000p\000o\000t}{subsection.4.17.2}% 238
\BOOKMARK [3][-]{subsubsection.4.17.2.14}{\376\377\0004\000.\0001\0007\000.\0002\000.\0001\0004\000\040\000v\000s\000o}{subsection.4.17.2}% 239
\BOOKMARK [1][-]{section.4.18}{\376\377\0004\000.\0001\0008\000\040\000V\000a\000r\000i\000a\000b\000l\000e\000s\000\040\000f\000o\000r\000\040\000u\000s\000e\000\040\000i\000n\000\040\000p\000a\000i\000r\000i\000n\000g\000\040\000m\000o\000d\000u\000l\000e}{chapter.4}% 240
\BOOKMARK [2][-]{subsection.4.18.1}{\376\377\0004\000.\0001\0008\000.\0001\000\040\000D\000e\000t\000a\000i\000l\000e\000d\000\040\000D\000e\000s\000c\000r\000i\000p\000t\000i\000o\000n}{section.4.18}% 241
\BOOKMARK [2][-]{subsection.4.18.2}{\376\377\0004\000.\0001\0008\000.\0002\000\040\000V\000a\000r\000i\000a\000b\000l\000e\000\040\000D\000o\000c\000u\000m\000e\000n\000t\000a\000t\000i\000o\000n}{section.4.18}% 242
\BOOKMARK [3][-]{subsubsection.4.18.2.1}{\376\377\0004\000.\0001\0008\000.\0002\000.\0001\000\040\000d\000e\000l\000t\000a\000\137\000n}{subsection.4.18.2}% 243
\BOOKMARK [3][-]{subsubsection.4.18.2.2}{\376\377\0004\000.\0001\0008\000.\0002\000.\0002\000\040\000d\000e\000l\000t\000a\000\137\000p}{subsection.4.18.2}% 244
\BOOKMARK [3][-]{subsubsection.4.18.2.3}{\376\377\0004\000.\0001\0008\000.\0002\000.\0003\000\040\000e\000\137\000p\000a\000i\000r\000\137\000b\000c\000s}{subsection.4.18.2}% 245
\BOOKMARK [3][-]{subsubsection.4.18.2.4}{\376\377\0004\000.\0001\0008\000.\0002\000.\0004\000\040\000e\000\137\000p\000a\000i\000r\000\137\000q}{subsection.4.18.2}% 246
\BOOKMARK [3][-]{subsubsection.4.18.2.5}{\376\377\0004\000.\0001\0008\000.\0002\000.\0005\000\040\000e\000\137\000p\000a\000i\000r\000\137\000t}{subsection.4.18.2}% 247
\BOOKMARK [3][-]{subsubsection.4.18.2.6}{\376\377\0004\000.\0001\0008\000.\0002\000.\0006\000\040\000e\000\137\000q\000p\000\137\000p}{subsection.4.18.2}% 248
\BOOKMARK [3][-]{subsubsection.4.18.2.7}{\376\377\0004\000.\0001\0008\000.\0002\000.\0007\000\040\000n\000u\000m\000\137\000p\000\137\000b\000c\000s}{subsection.4.18.2}% 249
\BOOKMARK [3][-]{subsubsection.4.18.2.8}{\376\377\0004\000.\0001\0008\000.\0002\000.\0008\000\040\000o\000c\000c\000\137\000u}{subsection.4.18.2}% 250
\BOOKMARK [3][-]{subsubsection.4.18.2.9}{\376\377\0004\000.\0001\0008\000.\0002\000.\0009\000\040\000o\000c\000c\000\137\000v}{subsection.4.18.2}% 251
\BOOKMARK [3][-]{subsubsection.4.18.2.10}{\376\377\0004\000.\0001\0008\000.\0002\000.\0001\0000\000\040\000p\000a\000i\000r\000\137\000g\000a\000p\000\137\000n}{subsection.4.18.2}% 252
\BOOKMARK [3][-]{subsubsection.4.18.2.11}{\376\377\0004\000.\0001\0008\000.\0002\000.\0001\0001\000\040\000p\000a\000i\000r\000\137\000g\000a\000p\000\137\000p}{subsection.4.18.2}% 253
\BOOKMARK [3][-]{subsubsection.4.18.2.12}{\376\377\0004\000.\0001\0008\000.\0002\000.\0001\0002\000\040\000r\000h\000o\000\137\000a\000n\000o\000m\000\137\000p\000\137\000b\000c\000s}{subsection.4.18.2}% 254
\BOOKMARK [3][-]{subsubsection.4.18.2.13}{\376\377\0004\000.\0001\0008\000.\0002\000.\0001\0003\000\040\000r\000h\000o\000\137\000p\000\137\000b\000c\000s}{subsection.4.18.2}% 255
\BOOKMARK [3][-]{subsubsection.4.18.2.14}{\376\377\0004\000.\0001\0008\000.\0002\000.\0001\0004\000\040\000s\000t\000r\000e\000n\000g\000t\000h\000\137\000b\000c\000s}{subsection.4.18.2}% 256
\BOOKMARK [1][-]{section.4.19}{\376\377\0004\000.\0001\0009\000\040\000V\000a\000r\000i\000a\000b\000l\000e\000s\000\040\000f\000o\000r\000\040\000e\000l\000e\000c\000t\000r\000o\000n\000\040\000c\000o\000n\000t\000r\000i\000b\000u\000t\000i\000o\000n\000s}{chapter.4}% 257
\BOOKMARK [2][-]{subsection.4.19.1}{\376\377\0004\000.\0001\0009\000.\0001\000\040\000D\000e\000t\000a\000i\000l\000e\000d\000\040\000D\000e\000s\000c\000r\000i\000p\000t\000i\000o\000n}{section.4.19}% 258
\BOOKMARK [2][-]{subsection.4.19.2}{\376\377\0004\000.\0001\0009\000.\0002\000\040\000V\000a\000r\000i\000a\000b\000l\000e\000\040\000D\000o\000c\000u\000m\000e\000n\000t\000a\000t\000i\000o\000n}{section.4.19}% 259
\BOOKMARK [3][-]{subsubsection.4.19.2.1}{\376\377\0004\000.\0001\0009\000.\0002\000.\0001\000\040\000e\000\137\000c\000o\000u\000l\000o\000m\000b\000\137\000e}{subsection.4.19.2}% 260
\BOOKMARK [3][-]{subsubsection.4.19.2.2}{\376\377\0004\000.\0001\0009\000.\0002\000.\0002\000\040\000e\000\137\000c\000o\000u\000l\000o\000m\000b\000\137\000p\000e}{subsection.4.19.2}% 261
\BOOKMARK [3][-]{subsubsection.4.19.2.3}{\376\377\0004\000.\0001\0009\000.\0002\000.\0003\000\040\000e\000\137\000k\000i\000n\000e\000t\000i\000c\000\137\000e}{subsection.4.19.2}% 262
\BOOKMARK [3][-]{subsubsection.4.19.2.4}{\376\377\0004\000.\0001\0009\000.\0002\000.\0004\000\040\000r\000h\000o\000\137\000e}{subsection.4.19.2}% 263
\BOOKMARK [0][-]{chapter.5}{\376\377\0005\000\040\000M\000o\000d\000u\000l\000e\000\040\000D\000o\000c\000u\000m\000e\000n\000t\000a\000t\000i\000o\000n}{}% 264
\BOOKMARK [1][-]{section.5.1}{\376\377\0005\000.\0001\000\040\000p\000a\000i\000r\000i\000n\000g\000\040\000M\000o\000d\000u\000l\000e\000\040\000R\000e\000f\000e\000r\000e\000n\000c\000e}{chapter.5}% 265
\BOOKMARK [2][-]{subsection.5.1.1}{\376\377\0005\000.\0001\000.\0001\000\040\000D\000e\000t\000a\000i\000l\000e\000d\000\040\000D\000e\000s\000c\000r\000i\000p\000t\000i\000o\000n}{section.5.1}% 266
\BOOKMARK [2][-]{subsection.5.1.2}{\376\377\0005\000.\0001\000.\0002\000\040\000F\000u\000n\000c\000t\000i\000o\000n\000/\000S\000u\000b\000r\000o\000u\000t\000i\000n\000e\000\040\000D\000o\000c\000u\000m\000e\000n\000t\000a\000t\000i\000o\000n}{section.5.1}% 267
\BOOKMARK [3][-]{subsubsection.5.1.2.1}{\376\377\0005\000.\0001\000.\0002\000.\0001\000\040\000b\000c\000s\000\137\000p\000r\000o\000t\000o\000n\000s\000\050\000\051}{subsection.5.1.2}% 268
\BOOKMARK [3][-]{subsubsection.5.1.2.2}{\376\377\0005\000.\0001\000.\0002\000.\0002\000\040\000c\000a\000l\000c\000\137\000b\000c\000s\000\137\000n\000u\000m\000\137\000p\000\050\000\051}{subsection.5.1.2}% 269
\BOOKMARK [3][-]{subsubsection.5.1.2.3}{\376\377\0005\000.\0001\000.\0002\000.\0003\000\040\000c\000a\000l\000c\000\137\000e\000\137\000p\000a\000i\000r\000\050\000\051}{subsection.5.1.2}% 270
\BOOKMARK [3][-]{subsubsection.5.1.2.4}{\376\377\0005\000.\0001\000.\0002\000.\0004\000\040\000c\000a\000l\000c\000\137\000g\000a\000p\000\050\000\051}{subsection.5.1.2}% 271
\BOOKMARK [3][-]{subsubsection.5.1.2.5}{\376\377\0005\000.\0001\000.\0002\000.\0005\000\040\000d\000e\000l\000t\000a\000\137\000p\000a\000r\000a\000m\000e\000t\000r\000i\000c\000\050\000\051}{subsection.5.1.2}% 272
\BOOKMARK [3][-]{subsubsection.5.1.2.6}{\376\377\0005\000.\0001\000.\0002\000.\0006\000\040\000i\000n\000t\000e\000r\000a\000z\000c\000h\000a\000m\000e\000l\000a\000n\000a\000l\000y\000t\000\050\000\051}{subsection.5.1.2}% 273
\BOOKMARK [3][-]{subsubsection.5.1.2.7}{\376\377\0005\000.\0001\000.\0002\000.\0007\000\040\000l\000l\000a\000m\000b\000d\000a\000\050\000\051}{subsection.5.1.2}% 274
\BOOKMARK [1][-]{section.5.2}{\376\377\0005\000.\0002\000\040\000p\000a\000r\000a\000m\000e\000t\000e\000r\000s\000\040\000M\000o\000d\000u\000l\000e\000\040\000R\000e\000f\000e\000r\000e\000n\000c\000e}{chapter.5}% 275
\BOOKMARK [2][-]{subsection.5.2.1}{\376\377\0005\000.\0002\000.\0001\000\040\000D\000e\000t\000a\000i\000l\000e\000d\000\040\000D\000e\000s\000c\000r\000i\000p\000t\000i\000o\000n}{section.5.2}% 276
\BOOKMARK [2][-]{subsection.5.2.2}{\376\377\0005\000.\0002\000.\0002\000\040\000F\000u\000n\000c\000t\000i\000o\000n\000/\000S\000u\000b\000r\000o\000u\000t\000i\000n\000e\000\040\000D\000o\000c\000u\000m\000e\000n\000t\000a\000t\000i\000o\000n}{section.5.2}% 277
\BOOKMARK [3][-]{subsubsection.5.2.2.1}{\376\377\0005\000.\0002\000.\0002\000.\0001\000\040\000f\000o\000r\000c\000e\000\137\000i\000n\000i\000t\000i\000a\000l\000i\000s\000e\000\050\000\051}{subsection.5.2.2}% 278
\BOOKMARK [2][-]{subsection.5.2.3}{\376\377\0005\000.\0002\000.\0003\000\040\000V\000a\000r\000i\000a\000b\000l\000e\000\040\000D\000o\000c\000u\000m\000e\000n\000t\000a\000t\000i\000o\000n}{section.5.2}% 279
\BOOKMARK [3][-]{subsubsection.5.2.3.1}{\376\377\0005\000.\0002\000.\0003\000.\0001\000\040\000a\000\137\000q}{subsection.5.2.3}% 280
\BOOKMARK [3][-]{subsubsection.5.2.3.2}{\376\377\0005\000.\0002\000.\0003\000.\0002\000\040\000d\0001\000\137\000a\000\137\000q}{subsection.5.2.3}% 281
\BOOKMARK [3][-]{subsubsection.5.2.3.3}{\376\377\0005\000.\0002\000.\0003\000.\0003\000\040\000d\0002\000\137\000a\000\137\000q}{subsection.5.2.3}% 282
\BOOKMARK [3][-]{subsubsection.5.2.3.4}{\376\377\0005\000.\0002\000.\0003\000.\0004\000\040\000d\0002\000\137\000f\000\137\000q}{subsection.5.2.3}% 283
\BOOKMARK [3][-]{subsubsection.5.2.3.5}{\376\377\0005\000.\0002\000.\0003\000.\0005\000\040\000d\0002\000\137\000r\000h\000o\000\137\000q}{subsection.5.2.3}% 284
\BOOKMARK [3][-]{subsubsection.5.2.3.6}{\376\377\0005\000.\0002\000.\0003\000.\0006\000\040\000d\0003\000\137\000a\000\137\000q}{subsection.5.2.3}% 285
\BOOKMARK [3][-]{subsubsection.5.2.3.7}{\376\377\0005\000.\0002\000.\0003\000.\0007\000\040\000d\0003\000\137\000f\000\137\000q}{subsection.5.2.3}% 286
\BOOKMARK [3][-]{subsubsection.5.2.3.8}{\376\377\0005\000.\0002\000.\0003\000.\0008\000\040\000d\0003\000\137\000r\000h\000o\000\137\000q}{subsection.5.2.3}% 287
\BOOKMARK [3][-]{subsubsection.5.2.3.9}{\376\377\0005\000.\0002\000.\0003\000.\0009\000\040\000d\0004\000\137\000a\000\137\000q}{subsection.5.2.3}% 288
\BOOKMARK [3][-]{subsubsection.5.2.3.10}{\376\377\0005\000.\0002\000.\0003\000.\0001\0000\000\040\000d\0004\000\137\000f\000\137\000q}{subsection.5.2.3}% 289
\BOOKMARK [3][-]{subsubsection.5.2.3.11}{\376\377\0005\000.\0002\000.\0003\000.\0001\0001\000\040\000d\0004\000\137\000r\000h\000o\000\137\000q}{subsection.5.2.3}% 290
\BOOKMARK [3][-]{subsubsection.5.2.3.12}{\376\377\0005\000.\0002\000.\0003\000.\0001\0002\000\040\000d\000i\000v\000\137\000j\000\137\0004\000\137\000q}{subsection.5.2.3}% 291
\BOOKMARK [3][-]{subsubsection.5.2.3.13}{\376\377\0005\000.\0002\000.\0003\000.\0001\0003\000\040\000d\000p}{subsection.5.2.3}% 292
\BOOKMARK [3][-]{subsubsection.5.2.3.14}{\376\377\0005\000.\0002\000.\0003\000.\0001\0004\000\040\000j\000\137\0004\000\137\000q}{subsection.5.2.3}% 293
\BOOKMARK [3][-]{subsubsection.5.2.3.15}{\376\377\0005\000.\0002\000.\0003\000.\0001\0005\000\040\000t\000a\000u\000\137\0004\000\137\000c\000o\000n\000t\000\137\000q}{subsection.5.2.3}% 294
\BOOKMARK [3][-]{subsubsection.5.2.3.16}{\376\377\0005\000.\0002\000.\0003\000.\0001\0006\000\040\000t\000a\000u\000\137\0004\000\137\000n\000o\000\137\000s\000p\000i\000n\000\137\000q}{subsection.5.2.3}% 295
\BOOKMARK [3][-]{subsubsection.5.2.3.17}{\376\377\0005\000.\0002\000.\0003\000.\0001\0007\000\040\000t\000a\000u\000\137\0004\000\137\000s\000o\000\137\000q}{subsection.5.2.3}% 296
\BOOKMARK [1][-]{section.5.3}{\376\377\0005\000.\0003\000\040\000r\000o\000u\000t\000i\000n\000e\000s\000\040\000M\000o\000d\000u\000l\000e\000\040\000R\000e\000f\000e\000r\000e\000n\000c\000e}{chapter.5}% 297
\BOOKMARK [2][-]{subsection.5.3.1}{\376\377\0005\000.\0003\000.\0001\000\040\000D\000e\000t\000a\000i\000l\000e\000d\000\040\000D\000e\000s\000c\000r\000i\000p\000t\000i\000o\000n}{section.5.3}% 298
\BOOKMARK [2][-]{subsection.5.3.2}{\376\377\0005\000.\0003\000.\0002\000\040\000F\000u\000n\000c\000t\000i\000o\000n\000/\000S\000u\000b\000r\000o\000u\000t\000i\000n\000e\000\040\000D\000o\000c\000u\000m\000e\000n\000t\000a\000t\000i\000o\000n}{section.5.3}% 299
\BOOKMARK [3][-]{subsubsection.5.3.2.1}{\376\377\0005\000.\0003\000.\0002\000.\0001\000\040\000a\000l\000l\000o\000c\000a\000t\000e\000\137\000a\000r\000r\000a\000y\000s\000\050\000\051}{subsection.5.3.2}% 300
\BOOKMARK [3][-]{subsubsection.5.3.2.2}{\376\377\0005\000.\0003\000.\0002\000.\0002\000\040\000c\000a\000l\000c\000\137\000d\000i\000v\000\137\000j\000\137\0002\000\137\000q\000\050\000\051}{subsection.5.3.2}% 301
\BOOKMARK [3][-]{subsubsection.5.3.2.3}{\376\377\0005\000.\0003\000.\0002\000.\0003\000\040\000c\000a\000l\000c\000\137\000d\000i\000v\000\137\000j\000\137\0004\000\137\000q\000\050\000\051}{subsection.5.3.2}% 302
\BOOKMARK [3][-]{subsubsection.5.3.2.4}{\376\377\0005\000.\0003\000.\0002\000.\0004\000\040\000c\000a\000l\000c\000\137\000e\000\137\000f\000\137\000q\000\050\000\051}{subsection.5.3.2}% 303
\BOOKMARK [3][-]{subsubsection.5.3.2.5}{\376\377\0005\000.\0003\000.\0002\000.\0005\000\040\000c\000a\000l\000c\000\137\000f\000\137\000q\000\050\000\051}{subsection.5.3.2}% 304
\BOOKMARK [3][-]{subsubsection.5.3.2.6}{\376\377\0005\000.\0003\000.\0002\000.\0006\000\040\000c\000a\000l\000c\000\137\000j\000\137\0002\000\137\000q\000\050\000\051}{subsection.5.3.2}% 305
\BOOKMARK [3][-]{subsubsection.5.3.2.7}{\376\377\0005\000.\0003\000.\0002\000.\0007\000\040\000c\000a\000l\000c\000\137\000j\000\137\0004\000\137\000q\000\050\000\051}{subsection.5.3.2}% 306
\BOOKMARK [3][-]{subsubsection.5.3.2.8}{\376\377\0005\000.\0003\000.\0002\000.\0008\000\040\000c\000a\000l\000c\000\137\000p\000a\000r\000t\000i\000c\000l\000e\000\137\000n\000u\000m\000b\000e\000r\000\050\000\051}{subsection.5.3.2}% 307
\BOOKMARK [3][-]{subsubsection.5.3.2.9}{\376\377\0005\000.\0003\000.\0002\000.\0009\000\040\000c\000a\000l\000c\000\137\000r\000h\000o\000\137\000q\000\050\000\051}{subsection.5.3.2}% 308
\BOOKMARK [3][-]{subsubsection.5.3.2.10}{\376\377\0005\000.\0003\000.\0002\000.\0001\0000\000\040\000c\000a\000l\000c\000\137\000t\000a\000u\000\137\0002\000\137\000l\000\050\000\051}{subsection.5.3.2}% 309
\BOOKMARK [3][-]{subsubsection.5.3.2.11}{\376\377\0005\000.\0003\000.\0002\000.\0001\0001\000\040\000c\000a\000l\000c\000\137\000t\000a\000u\000\137\0002\000\137\000n\000l\000\050\000\051}{subsection.5.3.2}% 310
\BOOKMARK [3][-]{subsubsection.5.3.2.12}{\376\377\0005\000.\0003\000.\0002\000.\0001\0002\000\040\000c\000a\000l\000c\000\137\000t\000a\000u\000\137\0004\000\137\000n\000o\000\137\000s\000p\000i\000n\000\050\000\051}{subsection.5.3.2}% 311
\BOOKMARK [3][-]{subsubsection.5.3.2.13}{\376\377\0005\000.\0003\000.\0002\000.\0001\0003\000\040\000c\000a\000l\000c\000\137\000t\000a\000u\000\137\0004\000\137\000s\000o\000\050\000\051}{subsection.5.3.2}% 312
\BOOKMARK [3][-]{subsubsection.5.3.2.14}{\376\377\0005\000.\0003\000.\0002\000.\0001\0004\000\040\000c\000a\000l\000c\000\137\000t\000a\000u\000\137\000t\000f\000\050\000\051}{subsection.5.3.2}% 313
\BOOKMARK [3][-]{subsubsection.5.3.2.15}{\376\377\0005\000.\0003\000.\0002\000.\0001\0005\000\040\000c\000a\000l\000c\000\137\000u\000\137\000q\000\050\000\051}{subsection.5.3.2}% 314
\BOOKMARK [3][-]{subsubsection.5.3.2.16}{\376\377\0005\000.\0003\000.\0002\000.\0001\0006\000\040\000c\000a\000l\000c\000\137\000w\000\137\000q\000\050\000\051}{subsection.5.3.2}% 315
\BOOKMARK [3][-]{subsubsection.5.3.2.17}{\376\377\0005\000.\0003\000.\0002\000.\0001\0007\000\040\000c\000h\000a\000r\000g\000e\000\050\000\051}{subsection.5.3.2}% 316
\BOOKMARK [3][-]{subsubsection.5.3.2.18}{\376\377\0005\000.\0003\000.\0002\000.\0001\0008\000\040\000d\0001\000\050\000\051}{subsection.5.3.2}% 317
\BOOKMARK [3][-]{subsubsection.5.3.2.19}{\376\377\0005\000.\0003\000.\0002\000.\0001\0009\000\040\000d\0002\000\050\000\051}{subsection.5.3.2}% 318
\BOOKMARK [3][-]{subsubsection.5.3.2.20}{\376\377\0005\000.\0003\000.\0002\000.\0002\0000\000\040\000d\0003\000\050\000\051}{subsection.5.3.2}% 319
\BOOKMARK [3][-]{subsubsection.5.3.2.21}{\376\377\0005\000.\0003\000.\0002\000.\0002\0001\000\040\000d\0004\000\050\000\051}{subsection.5.3.2}% 320
\BOOKMARK [3][-]{subsubsection.5.3.2.22}{\376\377\0005\000.\0003\000.\0002\000.\0002\0002\000\040\000d\000e\000a\000l\000l\000o\000c\000a\000t\000e\000\137\000a\000r\000r\000a\000y\000s\000\050\000\051}{subsection.5.3.2}% 321
\BOOKMARK [3][-]{subsubsection.5.3.2.23}{\376\377\0005\000.\0003\000.\0002\000.\0002\0003\000\040\000d\000e\000a\000l\000l\000o\000c\000a\000t\000e\000\137\000m\000e\000s\000h\000\050\000\051}{subsection.5.3.2}% 322
\BOOKMARK [3][-]{subsubsection.5.3.2.24}{\376\377\0005\000.\0003\000.\0002\000.\0002\0004\000\040\000e\000v\000a\000l\000\137\000c\000o\000u\000l\000o\000m\000b\000\050\000\051}{subsection.5.3.2}% 323
\BOOKMARK [3][-]{subsubsection.5.3.2.25}{\376\377\0005\000.\0003\000.\0002\000.\0002\0005\000\040\000e\000v\000a\000l\000\137\000e\000l\000e\000c\000t\000r\000o\000n\000s\000\050\000\051}{subsection.5.3.2}% 324
\BOOKMARK [3][-]{subsubsection.5.3.2.26}{\376\377\0005\000.\0003\000.\0002\000.\0002\0006\000\040\000e\000v\000a\000l\000\137\000f\000i\000e\000l\000d\000s\000\050\000\051}{subsection.5.3.2}% 325
\BOOKMARK [3][-]{subsubsection.5.3.2.27}{\376\377\0005\000.\0003\000.\0002\000.\0002\0007\000\040\000e\000v\000a\000l\000\137\000s\000k\000y\000r\000m\000e\000\137\000e\000n\000e\000r\000g\000y\000\137\000d\000e\000n\000s\000i\000t\000y\000\050\000\051}{subsection.5.3.2}% 326
\BOOKMARK [3][-]{subsubsection.5.3.2.28}{\376\377\0005\000.\0003\000.\0002\000.\0002\0008\000\040\000e\000v\000a\000l\000\137\000t\000a\000u\000\137\000e\000t\000f\000\050\000\051}{subsection.5.3.2}% 327
\BOOKMARK [3][-]{subsubsection.5.3.2.29}{\376\377\0005\000.\0003\000.\0002\000.\0002\0009\000\040\000e\000v\000a\000l\000\137\000u\000\137\000q\000\050\000\051}{subsection.5.3.2}% 328
\BOOKMARK [3][-]{subsubsection.5.3.2.30}{\376\377\0005\000.\0003\000.\0002\000.\0003\0000\000\040\000e\000v\000a\000l\000\137\000w\000s\000\137\000q\000u\000a\000n\000t\000i\000t\000i\000e\000s\000\050\000\051}{subsection.5.3.2}% 329
\BOOKMARK [3][-]{subsubsection.5.3.2.31}{\376\377\0005\000.\0003\000.\0002\000.\0003\0001\000\040\000e\000x\000t\000r\000a\000p\000o\000l\000a\000t\000e\000\137\000b\000a\000c\000k\000\137\0003\000\050\000\051}{subsection.5.3.2}% 330
\BOOKMARK [3][-]{subsubsection.5.3.2.32}{\376\377\0005\000.\0003\000.\0002\000.\0003\0002\000\040\000i\000n\000i\000t\000i\000a\000l\000i\000s\000e\000\137\000u\000n\000i\000f\000o\000r\000m\000\137\000m\000e\000s\000h\000\050\000\051}{subsection.5.3.2}% 331
\BOOKMARK [3][-]{subsubsection.5.3.2.33}{\376\377\0005\000.\0003\000.\0002\000.\0003\0003\000\040\000l\000a\000p\000\137\000s\000p\000h\000e\000\137\000s\000y\000m\000m\000\050\000\051}{subsection.5.3.2}% 332
\BOOKMARK [3][-]{subsubsection.5.3.2.34}{\376\377\0005\000.\0003\000.\0002\000.\0003\0004\000\040\000p\000r\000e\000s\000s\000u\000r\000e\000\050\000\051}{subsection.5.3.2}% 333
\BOOKMARK [3][-]{subsubsection.5.3.2.35}{\376\377\0005\000.\0003\000.\0002\000.\0003\0005\000\040\000s\000t\000r\0002\000i\000n\000t\000\050\000\051}{subsection.5.3.2}% 334
\BOOKMARK [3][-]{subsubsection.5.3.2.36}{\376\377\0005\000.\0003\000.\0002\000.\0003\0006\000\040\000w\000r\000i\000t\000e\000\137\000d\000e\000n\000s\000i\000t\000i\000e\000s\000\050\000\051}{subsection.5.3.2}% 335
\BOOKMARK [3][-]{subsubsection.5.3.2.37}{\376\377\0005\000.\0003\000.\0002\000.\0003\0007\000\040\000w\000r\000i\000t\000e\000\137\000f\000i\000e\000l\000d\000s\000\050\000\051}{subsection.5.3.2}% 336
\BOOKMARK [3][-]{subsubsection.5.3.2.38}{\376\377\0005\000.\0003\000.\0002\000.\0003\0008\000\040\000w\000r\000i\000t\000e\000\137\000s\000p\000\137\000s\000t\000a\000t\000e\000s\000\137\000p\000\050\000\051}{subsection.5.3.2}% 337
\BOOKMARK [3][-]{subsubsection.5.3.2.39}{\376\377\0005\000.\0003\000.\0002\000.\0003\0009\000\040\000w\000s\000\137\000i\000n\000t\000e\000g\000r\000a\000l\000\050\000\051}{subsection.5.3.2}% 338
\BOOKMARK [2][-]{subsection.5.3.3}{\376\377\0005\000.\0003\000.\0003\000\040\000V\000a\000r\000i\000a\000b\000l\000e\000\040\000D\000o\000c\000u\000m\000e\000n\000t\000a\000t\000i\000o\000n}{section.5.3}% 339
\BOOKMARK [3][-]{subsubsection.5.3.3.1}{\376\377\0005\000.\0003\000.\0003\000.\0001\000\040\000f\000i\000l\000e\000\137\000u\000n\000i\000t\000\137\0000}{subsection.5.3.3}% 340
\BOOKMARK [3][-]{subsubsection.5.3.3.2}{\376\377\0005\000.\0003\000.\0003\000.\0002\000\040\000f\000i\000l\000e\000\137\000u\000n\000i\000t\000\137\0001}{subsection.5.3.3}% 341
\BOOKMARK [1][-]{section.5.4}{\376\377\0005\000.\0004\000\040\000r\000s\000p\000a\000c\000e\000\040\000M\000o\000d\000u\000l\000e\000\040\000R\000e\000f\000e\000r\000e\000n\000c\000e}{chapter.5}% 342
\BOOKMARK [2][-]{subsection.5.4.1}{\376\377\0005\000.\0004\000.\0001\000\040\000D\000e\000t\000a\000i\000l\000e\000d\000\040\000D\000e\000s\000c\000r\000i\000p\000t\000i\000o\000n}{section.5.4}% 343
\BOOKMARK [2][-]{subsection.5.4.2}{\376\377\0005\000.\0004\000.\0002\000\040\000F\000u\000n\000c\000t\000i\000o\000n\000/\000S\000u\000b\000r\000o\000u\000t\000i\000n\000e\000\040\000D\000o\000c\000u\000m\000e\000n\000t\000a\000t\000i\000o\000n}{section.5.4}% 344
\BOOKMARK [3][-]{subsubsection.5.4.2.1}{\376\377\0005\000.\0004\000.\0002\000.\0001\000\040\000b\000o\000u\000n\000d\000a\000r\000y\000\050\000\051}{subsection.5.4.2}% 345
\BOOKMARK [3][-]{subsubsection.5.4.2.2}{\376\377\0005\000.\0004\000.\0002\000.\0002\000\040\000n\000u\000m\000e\000r\000o\000v\000\050\000\051}{subsection.5.4.2}% 346
\BOOKMARK [1][-]{section.5.5}{\376\377\0005\000.\0005\000\040\000s\000t\000r\000u\000t\000i\000n\000s\000k\000y\000\040\000M\000o\000d\000u\000l\000e\000\040\000R\000e\000f\000e\000r\000e\000n\000c\000e}{chapter.5}% 347
\BOOKMARK [2][-]{subsection.5.5.1}{\376\377\0005\000.\0005\000.\0001\000\040\000D\000e\000t\000a\000i\000l\000e\000d\000\040\000D\000e\000s\000c\000r\000i\000p\000t\000i\000o\000n}{section.5.5}% 348
\BOOKMARK [2][-]{subsection.5.5.2}{\376\377\0005\000.\0005\000.\0002\000\040\000F\000u\000n\000c\000t\000i\000o\000n\000/\000S\000u\000b\000r\000o\000u\000t\000i\000n\000e\000\040\000D\000o\000c\000u\000m\000e\000n\000t\000a\000t\000i\000o\000n}{section.5.5}% 349
\BOOKMARK [3][-]{subsubsection.5.5.2.1}{\376\377\0005\000.\0005\000.\0002\000.\0001\000\040\000c\000a\000l\000c\000\137\000e\000\137\000s\000c\000\050\000\051}{subsection.5.5.2}% 350
\BOOKMARK [3][-]{subsubsection.5.5.2.2}{\376\377\0005\000.\0005\000.\0002\000.\0002\000\040\000c\000a\000l\000c\000\137\000e\000\137\000s\000c\000\137\000p\000a\000i\000r\000\050\000\051}{subsection.5.5.2}% 351
\BOOKMARK [3][-]{subsubsection.5.5.2.3}{\376\377\0005\000.\0005\000.\0002\000.\0003\000\040\000s\000p\000\137\000s\000t\000a\000t\000e\000s\000\137\000d\000e\000a\000l\000l\000o\000c\000a\000t\000e\000\050\000\051}{subsection.5.5.2}% 352
\BOOKMARK [3][-]{subsubsection.5.5.2.4}{\376\377\0005\000.\0005\000.\0002\000.\0004\000\040\000s\000p\000\137\000s\000t\000a\000t\000e\000s\000\137\000s\000e\000t\000u\000p\000\050\000\051}{subsection.5.5.2}% 353
\BOOKMARK [3][-]{subsubsection.5.5.2.5}{\376\377\0005\000.\0005\000.\0002\000.\0005\000\040\000s\000t\000a\000t\000e\000\137\000s\000o\000r\000t\000\050\000\051}{subsection.5.5.2}% 354
\BOOKMARK [1][-]{section.5.6}{\376\377\0005\000.\0006\000\040\000t\000e\000s\000t\000\040\000M\000o\000d\000u\000l\000e\000\040\000R\000e\000f\000e\000r\000e\000n\000c\000e}{chapter.5}% 355
\BOOKMARK [2][-]{subsection.5.6.1}{\376\377\0005\000.\0006\000.\0001\000\040\000D\000e\000t\000a\000i\000l\000e\000d\000\040\000D\000e\000s\000c\000r\000i\000p\000t\000i\000o\000n}{section.5.6}% 356
\BOOKMARK [2][-]{subsection.5.6.2}{\376\377\0005\000.\0006\000.\0002\000\040\000F\000u\000n\000c\000t\000i\000o\000n\000/\000S\000u\000b\000r\000o\000u\000t\000i\000n\000e\000\040\000D\000o\000c\000u\000m\000e\000n\000t\000a\000t\000i\000o\000n}{section.5.6}% 357
\BOOKMARK [3][-]{subsubsection.5.6.2.1}{\376\377\0005\000.\0006\000.\0002\000.\0001\000\040\000b\000a\000r\000t\000e\000l\000\137\000b\000e\000n\000c\000h\000e\000i\000k\000h\000\137\000b\000e\000n\000c\000h\000m\000a\000r\000k\000\050\000\051}{subsection.5.6.2}% 358
\BOOKMARK [3][-]{subsubsection.5.6.2.2}{\376\377\0005\000.\0006\000.\0002\000.\0002\000\040\000o\000r\000d\000e\000r\000s\000\137\000k\000i\000n\000e\000t\000i\000c\000\137\000d\000e\000n\000s\000i\000t\000i\000e\000s\000\050\000\051}{subsection.5.6.2}% 359
\BOOKMARK [3][-]{subsubsection.5.6.2.3}{\376\377\0005\000.\0006\000.\0002\000.\0003\000\040\000r\000e\000a\000d\000\137\000t\000e\000s\000t\000\137\000p\000a\000r\000a\000m\000s\000\050\000\051}{subsection.5.6.2}% 360
\BOOKMARK [3][-]{subsubsection.5.6.2.4}{\376\377\0005\000.\0006\000.\0002\000.\0004\000\040\000t\000e\000s\000t\000\137\000c\000a\000l\000c\000\137\000c\000o\000u\000l\000o\000m\000b\000\137\000e\000n\000e\000r\000g\000y\000\050\000\051}{subsection.5.6.2}% 361
\BOOKMARK [3][-]{subsubsection.5.6.2.5}{\376\377\0005\000.\0006\000.\0002\000.\0005\000\040\000t\000e\000s\000t\000\137\000c\000a\000l\000c\000\137\000p\000a\000r\000t\000i\000c\000l\000e\000\137\000n\000u\000m\000b\000e\000r\000\050\000\051}{subsection.5.6.2}% 362
\BOOKMARK [3][-]{subsubsection.5.6.2.6}{\376\377\0005\000.\0006\000.\0002\000.\0006\000\040\000t\000e\000s\000t\000\137\000c\000a\000l\000c\000\137\000s\000k\000y\000r\000m\000e\000\137\000e\000n\000e\000r\000g\000y\000\050\000\051}{subsection.5.6.2}% 363
\BOOKMARK [3][-]{subsubsection.5.6.2.7}{\376\377\0005\000.\0006\000.\0002\000.\0007\000\040\000t\000e\000s\000t\000\137\000c\000e\000n\000t\000r\000a\000l\000\137\000p\000o\000t\000e\000n\000t\000i\000a\000l\000s\000\050\000\051}{subsection.5.6.2}% 364
\BOOKMARK [3][-]{subsubsection.5.6.2.8}{\376\377\0005\000.\0006\000.\0002\000.\0008\000\040\000t\000e\000s\000t\000\137\000d\000e\000n\000s\000i\000t\000i\000e\000s\000\050\000\051}{subsection.5.6.2}% 365
\BOOKMARK [3][-]{subsubsection.5.6.2.9}{\376\377\0005\000.\0006\000.\0002\000.\0009\000\040\000t\000e\000s\000t\000\137\000d\000e\000n\000s\000i\000t\000y\000\137\000d\000e\000r\000i\000v\000s\000\050\000\051}{subsection.5.6.2}% 366
\BOOKMARK [3][-]{subsubsection.5.6.2.10}{\376\377\0005\000.\0006\000.\0002\000.\0001\0000\000\040\000t\000e\000s\000t\000\137\000e\000f\000f\000\137\000m\000a\000s\000s\000\050\000\051}{subsection.5.6.2}% 367
\BOOKMARK [3][-]{subsubsection.5.6.2.11}{\376\377\0005\000.\0006\000.\0002\000.\0001\0001\000\040\000t\000e\000s\000t\000\137\000k\000i\000n\000e\000t\000i\000c\000\137\000d\000e\000n\000s\000i\000t\000i\000e\000s\000\050\000\051}{subsection.5.6.2}% 368
\BOOKMARK [3][-]{subsubsection.5.6.2.12}{\376\377\0005\000.\0006\000.\0002\000.\0001\0002\000\040\000t\000e\000s\000t\000\137\000s\000i\000\137\000c\000o\000r\000r\000e\000c\000t\000i\000o\000n\000\050\000\051}{subsection.5.6.2}% 369
\BOOKMARK [3][-]{subsubsection.5.6.2.13}{\376\377\0005\000.\0006\000.\0002\000.\0001\0003\000\040\000t\000e\000s\000t\000\137\000s\000p\000\137\000e\000n\000e\000r\000g\000i\000e\000s\000\050\000\051}{subsection.5.6.2}% 370
\BOOKMARK [3][-]{subsubsection.5.6.2.14}{\376\377\0005\000.\0006\000.\0002\000.\0001\0004\000\040\000t\000e\000s\000t\000\137\000s\000p\000i\000n\000\137\000c\000u\000r\000r\000e\000n\000t\000\137\000d\000e\000n\000s\000i\000t\000i\000e\000s\000\050\000\051}{subsection.5.6.2}% 371
\BOOKMARK [3][-]{subsubsection.5.6.2.15}{\376\377\0005\000.\0006\000.\0002\000.\0001\0005\000\040\000w\000r\000i\000t\000e\000\137\000w\000s\000\137\000c\000e\000l\000l\000\137\000a\000r\000r\000a\000y\000\137\000q\000u\000a\000n\000t\000i\000t\000y\000\050\000\051}{subsection.5.6.2}% 372
\BOOKMARK [2][-]{subsection.5.6.3}{\376\377\0005\000.\0006\000.\0003\000\040\000V\000a\000r\000i\000a\000b\000l\000e\000\040\000D\000o\000c\000u\000m\000e\000n\000t\000a\000t\000i\000o\000n}{section.5.6}% 373
\BOOKMARK [3][-]{subsubsection.5.6.3.1}{\376\377\0005\000.\0006\000.\0003\000.\0001\000\040\000f\000i\000l\000e\000\137\000u\000n\000i\000t}{subsection.5.6.3}% 374
\BOOKMARK [3][-]{subsubsection.5.6.3.2}{\376\377\0005\000.\0006\000.\0003\000.\0002\000\040\000f\000i\000l\000e\000\137\000u\000n\000i\000t\000\137\0002}{subsection.5.6.3}% 375
\BOOKMARK [3][-]{subsubsection.5.6.3.3}{\376\377\0005\000.\0006\000.\0003\000.\0003\000\040\000s\000a\000m\000p\000l\000e\000\137\000p\000r\000o\000f\000i\000l\000e}{subsection.5.6.3}% 376
\BOOKMARK [0][-]{chapter.6}{\376\377\0006\000\040\000F\000i\000l\000e\000\040\000D\000o\000c\000u\000m\000e\000n\000t\000a\000t\000i\000o\000n}{}% 377
\BOOKMARK [1][-]{section.6.1}{\376\377\0006\000.\0001\000\040\000s\000r\000c\000s\000/\000b\000o\000u\000n\000d\000a\000r\000y\000.\000f\0009\0000\000\040\000F\000i\000l\000e\000\040\000R\000e\000f\000e\000r\000e\000n\000c\000e}{chapter.6}% 378
\BOOKMARK [1][-]{section.6.2}{\376\377\0006\000.\0002\000\040\000s\000r\000c\000s\000/\000e\000t\000f\000.\000f\0009\0000\000\040\000F\000i\000l\000e\000\040\000R\000e\000f\000e\000r\000e\000n\000c\000e}{chapter.6}% 379
\BOOKMARK [2][-]{subsection.6.2.1}{\376\377\0006\000.\0002\000.\0001\000\040\000F\000u\000n\000c\000t\000i\000o\000n\000/\000S\000u\000b\000r\000o\000u\000t\000i\000n\000e\000\040\000D\000o\000c\000u\000m\000e\000n\000t\000a\000t\000i\000o\000n}{section.6.2}% 380
\BOOKMARK [3][-]{subsubsection.6.2.1.1}{\376\377\0006\000.\0002\000.\0001\000.\0001\000\040\000e\000t\000f\000\050\000\051}{subsection.6.2.1}% 381
\BOOKMARK [3][-]{subsubsection.6.2.1.2}{\376\377\0006\000.\0002\000.\0001\000.\0002\000\040\000t\000o\000t\000a\000l\000\137\000e\000n\000e\000r\000g\000y\000\137\000w\000i\000t\000h\000\137\000c\000o\000r\000r\000e\000c\000t\000i\000o\000n\000s\000\050\000\051}{subsection.6.2.1}% 382
\BOOKMARK [1][-]{section.6.3}{\376\377\0006\000.\0003\000\040\000s\000r\000c\000s\000/\000p\000a\000i\000r\000i\000n\000g\000.\000f\0009\0000\000\040\000F\000i\000l\000e\000\040\000R\000e\000f\000e\000r\000e\000n\000c\000e}{chapter.6}% 383
\BOOKMARK [1][-]{section.6.4}{\376\377\0006\000.\0004\000\040\000s\000r\000c\000s\000/\000p\000a\000r\000a\000m\000e\000t\000e\000r\000s\000.\000f\0009\0000\000\040\000F\000i\000l\000e\000\040\000R\000e\000f\000e\000r\000e\000n\000c\000e}{chapter.6}% 384
\BOOKMARK [1][-]{section.6.5}{\376\377\0006\000.\0005\000\040\000s\000r\000c\000s\000/\000r\000o\000u\000t\000i\000n\000e\000s\000.\000f\0009\0000\000\040\000F\000i\000l\000e\000\040\000R\000e\000f\000e\000r\000e\000n\000c\000e}{chapter.6}% 385
\BOOKMARK [1][-]{section.6.6}{\376\377\0006\000.\0006\000\040\000s\000r\000c\000s\000/\000s\000t\000r\000u\000t\000i\000n\000s\000k\000y\000.\000f\0009\0000\000\040\000F\000i\000l\000e\000\040\000R\000e\000f\000e\000r\000e\000n\000c\000e}{chapter.6}% 386
\BOOKMARK [1][-]{section.6.7}{\376\377\0006\000.\0007\000\040\000s\000r\000c\000s\000/\000t\000e\000s\000t\000.\000f\0009\0000\000\040\000F\000i\000l\000e\000\040\000R\000e\000f\000e\000r\000e\000n\000c\000e}{chapter.6}% 387
\BOOKMARK [0][-]{section*.139}{\376\377\000I\000n\000d\000e\000x}{}% 388
